[2026-04-24T18:50:46Z] === ENRICH ITERATION 1 START | repo=jquery/jquery sha=18c9efda ===
[2026-04-24T18:50:46Z] [iter=1] PHASE START: enrich repo=jquery/jquery sha=18c9efda runlog=/home/runner/work/forx/forx/storage/aggregate/lsp/logs/18c9efda-enrich-iter-001.log output=/home/runner/work/forx/forx/storage/aggregate/lsp/18c9efdafae6ec6f959e9bfa3537b83706e4aaa2.nq.gz
[2026-04-24T18:51:07Z] [iter=1] Step 1: Loading AST into disk-backed store mem_mb=77 MB
[2026-04-24T18:51:21Z] [iter=1] AST store loaded triples=1863091 load_secs=13 mem_mb=860 MB
[2026-04-24T18:51:21Z] [iter=1] Step 2: Finding LSP targets mem_mb=860 MB
[2026-04-24T18:51:22Z] [iter=1] LSP targets found call_sites=20578 imports=0 extends=0 implements=0 secs=1
[2026-04-24T18:51:22Z] [iter=1] Step 2.7: Building position index (one-shot, shared across resolvers) mem_mb=860 MB
[2026-04-24T18:51:33Z] [iter=1] Position index built positions=128625 nodes_with_types=152896 secs=11 mem_mb=860 MB
[2026-04-24T18:51:33Z] [iter=1] Step 3: Starting LSP resolution mem_mb=860 MB already_completed_types=[] already_completed_files=0
[2026-04-24T18:51:33Z] [iter=1] Resolving target type target_type=call_site count=20578
[2026-04-24T18:51:33Z] [iter=1] HEARTBEAT target_type=call_site elapsed_min=0.8 files_done=0 resolved=0 errors=0 current=test/unit/data.js
[2026-04-24T18:56:27Z] [iter=1] HEARTBEAT target_type=call_site elapsed_min=5.7 files_done=1 resolved=11 errors=390 current=test/unit/css.js
[2026-04-24T19:03:55Z] [iter=1] HEARTBEAT target_type=call_site elapsed_min=13.1 files_done=2 resolved=59 errors=989 current=test/unit/attributes.js
[2026-04-24T19:15:20Z] [iter=1] HEARTBEAT target_type=call_site elapsed_min=24.6 files_done=3 resolved=91 errors=1891 current=test/unit/effects.js
[2026-04-24T19:25:03Z] [iter=1] HEARTBEAT target_type=call_site elapsed_min=34.3 files_done=4 resolved=119 errors=2667 current=test/unit/dimensions.js
[2026-04-24T19:30:03Z] [iter=1] HEARTBEAT target_type=call_site elapsed_min=39.3 files_done=5 resolved=120 errors=3069 current=test/unit/core.js
[2026-04-24T19:37:22Z] [iter=1] HEARTBEAT target_type=call_site elapsed_min=46.6 files_done=6 resolved=172 errors=3654 current=test/unit/deferred.js
[2026-04-24T19:39:12Z] [iter=1] HEARTBEAT target_type=call_site elapsed_min=48.4 files_done=7 resolved=172 errors=3802 current=test/unit/manipulation.js
[2026-04-24T19:52:34Z] [iter=1] HEARTBEAT target_type=call_site elapsed_min=61.8 files_done=8 resolved=253 errors=4874 current=test/data/jquery-1.9.1.js
[2026-04-24T20:11:36Z] [iter=1] HEARTBEAT target_type=call_site elapsed_min=80.8 files_done=9 resolved=289 errors=6398 current=test/unit/offset.js
[2026-04-24T20:15:47Z] [iter=1] HEARTBEAT target_type=call_site elapsed_min=85.0 files_done=10 resolved=297 errors=6734 current=src/traversing/var/rneedsContext.js
[2026-04-24T20:34:42Z] [iter=1] HEARTBEAT target_type=call_site elapsed_min=103.9 files_done=12 resolved=322 errors=8250 current=test/unit/traversing.js
[2026-04-24T20:41:28Z] [iter=1] HEARTBEAT target_type=call_site elapsed_min=110.7 files_done=13 resolved=351 errors=8792 current=src/core/init.js
[2026-04-24T20:53:02Z] [iter=1] HEARTBEAT target_type=call_site elapsed_min=122.3 files_done=15 resolved=362 errors=9721 current=test/unit/basic.js
[2026-04-24T20:55:16Z] [iter=1] HEARTBEAT target_type=call_site elapsed_min=124.5 files_done=16 resolved=363 errors=9900 current=src/attributes/classes.js
[2026-04-24T21:00:56Z] [iter=1] HEARTBEAT target_type=call_site elapsed_min=130.2 files_done=18 resolved=375 errors=10354 current=test/unit/serialize.js
[2026-04-24T21:04:33Z] [iter=1] HEARTBEAT target_type=call_site elapsed_min=133.8 files_done=20 resolved=393 errors=10645 current=build/tasks/node_smoke_tests.js
[2026-04-24T21:06:17Z] [iter=1] HEARTBEAT target_type=call_site elapsed_min=135.5 files_done=23 resolved=400 errors=10784 current=test/unit/queue.js
[2026-04-24T21:07:53Z] [iter=1] HEARTBEAT target_type=call_site elapsed_min=137.1 files_done=24 resolved=408 errors=10913 current=src/serialize.js
[2026-04-24T21:08:34Z] [iter=1] HEARTBEAT target_type=call_site elapsed_min=137.8 files_done=27 resolved=410 errors=10967 current=src/manipulation.js
[2026-04-24T21:09:47Z] [iter=1] HEARTBEAT target_type=call_site elapsed_min=139.0 files_done=28 resolved=410 errors=11065 current=test/unit/callbacks.js
[2026-04-24T21:11:49Z] [iter=1] HEARTBEAT target_type=call_site elapsed_min=141.0 files_done=29 resolved=411 errors=11228 current=src/event.js
[2026-04-24T21:12:40Z] [iter=1] HEARTBEAT target_type=call_site elapsed_min=141.9 files_done=30 resolved=412 errors=11297 current=test/integration/data/gh-1764-fullscreen.js
[2026-04-24T21:13:12Z] [iter=1] HEARTBEAT target_type=call_site elapsed_min=142.4 files_done=34 resolved=423 errors=11340 current=build/release/cdn.js
[2026-04-24T21:14:23Z] [iter=1] HEARTBEAT target_type=call_site elapsed_min=143.6 files_done=38 resolved=427 errors=11434 current=src/ajax.js
[2026-04-24T21:15:30Z] [iter=1] HEARTBEAT target_type=call_site elapsed_min=144.7 files_done=39 resolved=429 errors=11524 current=src/event/trigger.js
[2026-04-24T21:16:11Z] [iter=1] HEARTBEAT target_type=call_site elapsed_min=145.4 files_done=41 resolved=432 errors=11578 current=test/node_smoke_tests/lib/ensure_global_not_created.js
[2026-04-24T21:16:48Z] [iter=1] HEARTBEAT target_type=call_site elapsed_min=146.0 files_done=45 resolved=432 errors=11628 current=test/node_smoke_tests/lib/ensure_iterability_es6.js
[2026-04-24T21:17:32Z] [iter=1] HEARTBEAT target_type=call_site elapsed_min=146.8 files_done=49 resolved=446 errors=11687 current=src/css.js
[2026-04-24T21:18:26Z] [iter=1] HEARTBEAT target_type=call_site elapsed_min=147.7 files_done=50 resolved=452 errors=11760 current=src/offset.js
[2026-04-24T21:19:14Z] [iter=1] HEARTBEAT target_type=call_site elapsed_min=148.5 files_done=52 resolved=454 errors=11824 current=test/unit/ready.js
[2026-04-24T21:20:17Z] [iter=1] HEARTBEAT target_type=call_site elapsed_min=149.5 files_done=54 resolved=457 errors=11908 current=src/effects.js
[2026-04-24T21:21:41Z] [iter=1] HEARTBEAT target_type=call_site elapsed_min=150.9 files_done=55 resolved=461 errors=12020 current=src/data.js
[2026-04-24T21:22:25Z] [iter=1] HEARTBEAT target_type=call_site elapsed_min=151.6 files_done=57 resolved=461 errors=12080 current=src/deferred.js
[2026-04-24T21:23:12Z] [iter=1] HEARTBEAT target_type=call_site elapsed_min=152.4 files_done=59 resolved=461 errors=12143 current=src/ajax/parseXML.js
[2026-04-24T21:23:51Z] [iter=1] HEARTBEAT target_type=call_site elapsed_min=153.1 files_done=63 resolved=462 errors=12195 current=build/tasks/testswarm.js
[2026-04-24T21:24:42Z] [iter=1] HEARTBEAT target_type=call_site elapsed_min=153.9 files_done=67 resolved=470 errors=12263 current=src/var/pnum.js
[2026-04-24T21:25:18Z] [iter=1] HEARTBEAT target_type=call_site elapsed_min=154.5 files_done=71 resolved=471 errors=12311 current=src/css/curCSS.js
[2026-04-24T21:25:58Z] [iter=1] HEARTBEAT target_type=call_site elapsed_min=155.2 files_done=75 resolved=479 errors=12364 current=build/release.js
[2026-04-24T21:26:28Z] [iter=1] HEARTBEAT target_type=call_site elapsed_min=155.7 files_done=80 resolved=480 errors=12405 current=src/dimensions.js
[2026-04-24T21:26:58Z] [iter=1] HEARTBEAT target_type=call_site elapsed_min=156.2 files_done=88 resolved=486 errors=12445 current=build/tasks/lib/spawn_test.js
[2026-04-24T21:27:31Z] [iter=1] HEARTBEAT target_type=call_site elapsed_min=156.7 files_done=100 resolved=486 errors=12488 current=test/node_smoke_tests/lib/ensure_jquery.js
[2026-04-24T21:28:01Z] [iter=1] HEARTBEAT target_type=call_site elapsed_min=157.2 files_done=130 resolved=495 errors=12528 current=src/manipulation/setGlobalEval.js
[2026-04-24T21:28:05Z] [iter=1] Target type resolved target_type=call_site resolved=495 errors=12533 secs=9392 mem_mb=860 MB
[2026-04-24T21:28:12Z] [iter=1] Step 5: Writing final enrichment file triples=115896
[2026-04-24T21:28:14Z] [iter=1] Enrichment file written path=/home/runner/work/forx/forx/storage/aggregate/lsp/18c9efdafae6ec6f959e9bfa3537b83706e4aaa2.nq.gz size_kb=2152
[2026-04-24T21:28:14Z] [iter=1] PHASE END: enrich elapsed_s=9448 elapsed_min=157.5 total_triples=115896
