[2026-04-23T05:41:48Z] === ENRICH ITERATION 1 START | repo=jquery/jquery sha=32b00373 ===
[2026-04-23T05:41:48Z] [iter=1] PHASE START: enrich repo=jquery/jquery sha=32b00373 runlog=/home/runner/work/forx/forx/storage/aggregate/lsp/logs/32b00373-enrich-iter-001.log output=/home/runner/work/forx/forx/storage/aggregate/lsp/32b00373b3f42e5cdcb709df53f3b08b7184a944.nq.gz
[2026-04-23T05:42:16Z] [iter=1] Step 1: Loading AST into disk-backed store mem_mb=78 MB
[2026-04-23T05:42:34Z] [iter=1] AST store loaded triples=2283544 load_secs=17 mem_mb=872 MB
[2026-04-23T05:42:34Z] [iter=1] Step 2: Finding LSP targets mem_mb=872 MB
[2026-04-23T05:42:35Z] [iter=1] LSP targets found call_sites=24336 imports=0 extends=0 implements=0 secs=1
[2026-04-23T05:42:35Z] [iter=1] Step 2.7: Building position index (one-shot, shared across resolvers) mem_mb=872 MB
[2026-04-23T05:42:47Z] [iter=1] Position index built positions=157916 nodes_with_types=186805 secs=12 mem_mb=872 MB
[2026-04-23T05:42:47Z] [iter=1] Step 3: Starting LSP resolution mem_mb=872 MB already_completed_types=[] already_completed_files=0
[2026-04-23T05:42:47Z] [iter=1] Resolving target type target_type=call_site count=24336
[2026-04-23T05:42:47Z] [iter=1] HEARTBEAT target_type=call_site elapsed_min=1.0 files_done=0 resolved=0 errors=0 current=test/data/jquery-1.9.1.js
[2026-04-23T06:01:44Z] [iter=1] HEARTBEAT target_type=call_site elapsed_min=19.9 files_done=1 resolved=36 errors=1524 current=test/unit/deprecated.js
[2026-04-23T06:04:59Z] [iter=1] HEARTBEAT target_type=call_site elapsed_min=23.2 files_done=2 resolved=68 errors=1786 current=test/unit/callbacks.js
[2026-04-23T06:07:10Z] [iter=1] HEARTBEAT target_type=call_site elapsed_min=25.4 files_done=3 resolved=69 errors=1962 current=test/unit/manipulation.js
[2026-04-23T06:21:06Z] [iter=1] HEARTBEAT target_type=call_site elapsed_min=39.3 files_done=4 resolved=156 errors=3085 current=test/unit/traversing.js
[2026-04-23T06:28:18Z] [iter=1] HEARTBEAT target_type=call_site elapsed_min=46.5 files_done=5 resolved=187 errors=3665 current=test/unit/animation.js
[2026-04-23T06:29:14Z] [iter=1] HEARTBEAT target_type=call_site elapsed_min=47.4 files_done=6 resolved=187 errors=3740 current=test/unit/event.js
[2026-04-23T06:40:55Z] [iter=1] HEARTBEAT target_type=call_site elapsed_min=59.1 files_done=7 resolved=201 errors=4684 current=test/unit/deferred.js
[2026-04-23T06:46:07Z] [iter=1] HEARTBEAT target_type=call_site elapsed_min=64.3 files_done=8 resolved=219 errors=5103 current=dist/jquery.js
[2026-04-23T07:05:19Z] [iter=1] HEARTBEAT target_type=call_site elapsed_min=83.5 files_done=9 resolved=268 errors=6652 current=test/unit/dimensions.js
[2026-04-23T07:11:52Z] [iter=1] HEARTBEAT target_type=call_site elapsed_min=90.1 files_done=10 resolved=271 errors=7181 current=test/unit/data.js
[2026-04-23T07:16:48Z] [iter=1] HEARTBEAT target_type=call_site elapsed_min=95.0 files_done=11 resolved=282 errors=7580 current=src/effects.js
[2026-04-23T07:18:10Z] [iter=1] HEARTBEAT target_type=call_site elapsed_min=96.4 files_done=12 resolved=289 errors=7690 current=test/unit/core.js
[2026-04-23T07:23:26Z] [iter=1] HEARTBEAT target_type=call_site elapsed_min=101.6 files_done=13 resolved=330 errors=8117 current=test/unit/basic.js
[2026-04-23T07:25:29Z] [iter=1] HEARTBEAT target_type=call_site elapsed_min=103.7 files_done=14 resolved=331 errors=8282 current=dist/jquery.slim.js
[2026-04-23T07:41:11Z] [iter=1] HEARTBEAT target_type=call_site elapsed_min=119.4 files_done=15 resolved=374 errors=9550 current=test/unit/ready.js
[2026-04-23T07:41:53Z] [iter=1] HEARTBEAT target_type=call_site elapsed_min=120.1 files_done=16 resolved=378 errors=9607 current=test/unit/effects.js
[2026-04-23T07:52:59Z] [iter=1] HEARTBEAT target_type=call_site elapsed_min=131.2 files_done=17 resolved=406 errors=10501 current=src/deferred.js
[2026-04-23T07:53:55Z] [iter=1] HEARTBEAT target_type=call_site elapsed_min=132.1 files_done=18 resolved=408 errors=10577 current=test/unit/attributes.js
[2026-04-23T08:05:49Z] [iter=1] HEARTBEAT target_type=call_site elapsed_min=144.0 files_done=19 resolved=440 errors=11540 current=src/data/var/dataPriv.js
[2026-04-23T08:14:32Z] [iter=1] HEARTBEAT target_type=call_site elapsed_min=152.7 files_done=21 resolved=504 errors=12246 current=test/middleware-mockserver.js
[2026-04-23T08:15:45Z] [iter=1] HEARTBEAT target_type=call_site elapsed_min=154.0 files_done=22 resolved=520 errors=12345 current=src/manipulation.js
[2026-04-23T08:16:57Z] [iter=1] HEARTBEAT target_type=call_site elapsed_min=155.2 files_done=23 resolved=520 errors=12442 current=build/release/cdn.js
[2026-04-23T08:20:30Z] [iter=1] HEARTBEAT target_type=call_site elapsed_min=158.7 files_done=25 resolved=538 errors=12730 current=test/unit/offset.js
[2026-04-23T08:25:31Z] [iter=1] HEARTBEAT target_type=call_site elapsed_min=163.7 files_done=26 resolved=554 errors=13135 current=src/ajax.js
[2026-04-23T08:26:39Z] [iter=1] HEARTBEAT target_type=call_site elapsed_min=164.9 files_done=27 resolved=556 errors=13227 current=src/event.js
[2026-04-23T08:27:31Z] [iter=1] HEARTBEAT target_type=call_site elapsed_min=165.7 files_done=28 resolved=559 errors=13297 current=test/unit/wrap.js
[2026-04-23T08:29:12Z] [iter=1] HEARTBEAT target_type=call_site elapsed_min=167.4 files_done=29 resolved=564 errors=13433 current=test/unit/tween.js
[2026-04-23T08:30:46Z] [iter=1] HEARTBEAT target_type=call_site elapsed_min=169.0 files_done=30 resolved=567 errors=13561 current=test/unit/serialize.js
[2026-04-23T08:36:44Z] [iter=1] HEARTBEAT target_type=call_site elapsed_min=174.9 files_done=32 resolved=585 errors=14043 current=src/serialize.js
[2026-04-23T08:37:55Z] [iter=1] HEARTBEAT target_type=call_site elapsed_min=176.1 files_done=34 resolved=601 errors=14140 current=build/tasks/sourcemap.js
[2026-04-23T08:39:47Z] [iter=1] HEARTBEAT target_type=call_site elapsed_min=178.0 files_done=39 resolved=612 errors=14291 current=build/release/ensure-sizzle.js
[2026-04-23T08:40:23Z] [iter=1] HEARTBEAT target_type=call_site elapsed_min=178.6 files_done=41 resolved=621 errors=14339 current=test/promises_aplus_adapters/when.js
[2026-04-23T08:41:09Z] [iter=1] HEARTBEAT target_type=call_site elapsed_min=179.4 files_done=44 resolved=625 errors=14401 current=src/attributes/classes.js
[2026-04-23T08:41:39Z] [iter=1] HEARTBEAT target_type=call_site elapsed_min=179.9 files_done=45 resolved=627 errors=14442 current=build/release/dist.js
[2026-04-23T08:42:30Z] [iter=1] HEARTBEAT target_type=call_site elapsed_min=180.7 files_done=47 resolved=638 errors=14510 current=src/css/showHide.js
[2026-04-23T08:43:38Z] [iter=1] HEARTBEAT target_type=call_site elapsed_min=181.8 files_done=49 resolved=638 errors=14602 current=src/queue.js
[2026-04-23T08:44:12Z] [iter=1] HEARTBEAT target_type=call_site elapsed_min=182.4 files_done=51 resolved=641 errors=14649 current=src/data/Data.js
[2026-04-23T08:44:50Z] [iter=1] HEARTBEAT target_type=call_site elapsed_min=183.0 files_done=55 resolved=643 errors=14700 current=src/event/alias.js
[2026-04-23T08:45:33Z] [iter=1] HEARTBEAT target_type=call_site elapsed_min=183.8 files_done=60 resolved=646 errors=14758 current=src/event/trigger.js
[2026-04-23T08:46:04Z] [iter=1] HEARTBEAT target_type=call_site elapsed_min=184.3 files_done=61 resolved=646 errors=14800 current=test/node_smoke_tests/document_missing.js
[2026-04-23T08:46:39Z] [iter=1] HEARTBEAT target_type=call_site elapsed_min=184.9 files_done=65 resolved=658 errors=14847 current=build/tasks/testswarm.js
[2026-04-23T08:47:16Z] [iter=1] HEARTBEAT target_type=call_site elapsed_min=185.5 files_done=70 resolved=659 errors=14897 current=test/data/testrunner.js
[2026-04-23T08:47:50Z] [iter=1] HEARTBEAT target_type=call_site elapsed_min=186.0 files_done=72 resolved=674 errors=14942 current=src/event/focusin.js
[2026-04-23T08:48:27Z] [iter=1] HEARTBEAT target_type=call_site elapsed_min=186.7 files_done=77 resolved=677 errors=14992 current=src/css/addGetHookIf.js
[2026-04-23T08:49:01Z] [iter=1] HEARTBEAT target_type=call_site elapsed_min=187.2 files_done=84 resolved=678 errors=15038 current=test/data/badcall.js
[2026-04-23T08:49:37Z] [iter=1] HEARTBEAT target_type=call_site elapsed_min=187.8 files_done=93 resolved=679 errors=15086 current=src/ajax/load.js
[2026-04-23T08:50:08Z] [iter=1] HEARTBEAT target_type=call_site elapsed_min=188.3 files_done=100 resolved=680 errors=15127 current=src/css/var/swap.js
[2026-04-23T08:50:46Z] [iter=1] HEARTBEAT target_type=call_site elapsed_min=189.0 files_done=109 resolved=683 errors=15179 current=test/node_smoke_tests/iterable_with_native_symbol.js
[2026-04-23T08:51:17Z] [iter=1] HEARTBEAT target_type=call_site elapsed_min=189.5 files_done=117 resolved=684 errors=15220 current=src/wrapper.js
[2026-04-23T08:51:47Z] [iter=1] HEARTBEAT target_type=call_site elapsed_min=190.0 files_done=143 resolved=695 errors=15260 current=src/selector.js
[2026-04-23T08:51:55Z] [iter=1] Target type resolved target_type=call_site resolved=698 errors=15270 secs=11348 mem_mb=872 MB
[2026-04-23T08:52:02Z] [iter=1] Step 5: Writing final enrichment file triples=144535
[2026-04-23T08:52:05Z] [iter=1] Enrichment file written path=/home/runner/work/forx/forx/storage/aggregate/lsp/32b00373b3f42e5cdcb709df53f3b08b7184a944.nq.gz size_kb=2715
[2026-04-23T08:52:05Z] [iter=1] PHASE END: enrich elapsed_s=11417 elapsed_min=190.3 total_triples=144535
