[2026-04-20T01:39:15Z] === ENRICH ITERATION 2 START | repo=jquery/jquery sha=51fffe9f ===
[2026-04-20T01:39:15Z] [iter=2] PHASE START: enrich repo=jquery/jquery sha=51fffe9f runlog=/home/runner/work/forx/forx/storage/aggregate/lsp/logs/51fffe9f-enrich-iter-002.log output=/home/runner/work/forx/forx/storage/aggregate/lsp/51fffe9f7395f86fb24c59115c9b98855c39fc07.nq.gz
[2026-04-20T01:39:49Z] [iter=2] Step 1: Loading AST into disk-backed store mem_mb=78 MB
[2026-04-20T01:40:21Z] [iter=2] AST store loaded triples=3828714 load_secs=31 mem_mb=895 MB
[2026-04-20T01:40:21Z] [iter=2] Step 2: Finding LSP targets mem_mb=895 MB
[2026-04-20T01:40:23Z] [iter=2] LSP targets found call_sites=35591 imports=600 extends=0 implements=0 secs=2
[2026-04-20T01:40:25Z] [iter=2] Loaded checkpoint partial graph triples=46100
[2026-04-20T01:40:25Z] [iter=2] Step 2.7: Building position index (one-shot, shared across resolvers) mem_mb=895 MB
[2026-04-20T01:40:48Z] [iter=2] Position index built positions=267946 nodes_with_types=312034 secs=23 mem_mb=1013 MB
[2026-04-20T01:40:48Z] [iter=2] Step 3: Starting LSP resolution mem_mb=1013 MB already_completed_types=[] already_completed_files=11
[2026-04-20T01:40:48Z] [iter=2] Resolving target type target_type=call_site count=35591
[2026-04-20T01:40:48Z] [iter=2] HEARTBEAT target_type=call_site elapsed_min=1.6 files_done=0 resolved=0 errors=0 current=test/unit/effects.js
[2026-04-20T02:04:51Z] [iter=2] HEARTBEAT target_type=call_site elapsed_min=25.6 files_done=1 resolved=4 errors=907 current=test/unit/deprecated.js
[2026-04-20T02:06:22Z] [iter=2] HEARTBEAT target_type=call_site elapsed_min=27.1 files_done=2 resolved=6 errors=964 current=test/data/jquery-3.7.1.js
[2026-04-20T02:48:43Z] [iter=2] HEARTBEAT target_type=call_site elapsed_min=69.5 files_done=3 resolved=61 errors=2553 current=test/promises_aplus_adapters/when.cjs
[2026-04-20T03:20:46Z] [iter=2] HEARTBEAT target_type=call_site elapsed_min=101.5 files_done=5 resolved=153 errors=3758 current=test/unit/wrap.js
[2026-04-20T03:24:20Z] [iter=2] HEARTBEAT target_type=call_site elapsed_min=105.1 files_done=6 resolved=158 errors=3893 current=dist-module/jquery.factory.module.js
[2026-04-20T04:01:27Z] [iter=2] HEARTBEAT target_type=call_site elapsed_min=142.2 files_done=7 resolved=210 errors=5296 current=test/unit/dimensions.js
[2026-04-20T04:17:43Z] [iter=2] HEARTBEAT target_type=call_site elapsed_min=158.5 files_done=8 resolved=213 errors=5910 current=test/unit/core.js
[2026-04-20T04:30:37Z] [iter=2] HEARTBEAT target_type=call_site elapsed_min=171.4 files_done=9 resolved=261 errors=6397 current=src/selector.js
[2026-04-20T04:36:01Z] [iter=2] HEARTBEAT target_type=call_site elapsed_min=176.8 files_done=10 resolved=262 errors=6601 current=dist-module/jquery.module.js
[2026-04-20T05:13:07Z] [iter=2] HEARTBEAT target_type=call_site elapsed_min=213.9 files_done=11 resolved=314 errors=8004 current=src/core/parseHTML.js
[2026-04-20T05:39:17Z] [iter=2] CHECKPOINT TRIGGERED elapsed_min=240.0 files_completed=23 new_files_this_iter=12 mem_mb=1063 MB
[2026-04-20T05:39:17Z] [iter=2] Writing partial enrichment graph path=/home/runner/work/forx/forx/storage/aggregate/lsp/51fffe9f7395f86fb24c59115c9b98855c39fc07.nq.gz triples=87919
[2026-04-20T05:39:19Z] [iter=2] Checkpoint written, exiting with code 7
[2026-04-20T05:39:19Z] [iter=2] PHASE END: enrich (checkpointed) elapsed_s=14402 elapsed_min=240.0 files_completed=23
