[2026-04-19T09:26:59Z] === ENRICH ITERATION 1 START | repo=jquery/jquery sha=586182f3 ===
[2026-04-19T09:26:59Z] [iter=1] PHASE START: enrich repo=jquery/jquery sha=586182f3 runlog=/home/runner/work/forx/forx/storage/aggregate/lsp/logs/586182f3-enrich-iter-001.log output=/home/runner/work/forx/forx/storage/aggregate/lsp/586182f35e818c318046dac1cbaa31ee7a07ee21.nq.gz
[2026-04-19T09:27:19Z] [iter=1] Step 1: Loading AST into disk-backed store mem_mb=78 MB
[2026-04-19T09:27:53Z] [iter=1] AST store loaded triples=3784947 load_secs=32 mem_mb=872 MB
[2026-04-19T09:27:53Z] [iter=1] Step 2: Finding LSP targets mem_mb=872 MB
[2026-04-19T09:27:55Z] [iter=1] LSP targets found call_sites=35298 imports=552 extends=0 implements=0 secs=2
[2026-04-19T09:27:55Z] [iter=1] Step 2.7: Building position index (one-shot, shared across resolvers) mem_mb=872 MB
[2026-04-19T09:28:17Z] [iter=1] Position index built positions=264811 nodes_with_types=308491 secs=22 mem_mb=924 MB
[2026-04-19T09:28:17Z] [iter=1] Step 3: Starting LSP resolution mem_mb=924 MB already_completed_types=[] already_completed_files=0
[2026-04-19T09:28:17Z] [iter=1] Resolving target type target_type=call_site count=35298
[2026-04-19T09:28:18Z] [iter=1] HEARTBEAT target_type=call_site elapsed_min=1.3 files_done=0 resolved=0 errors=0 current=dist-module/jquery.slim.module.js
[2026-04-19T09:53:13Z] [iter=1] HEARTBEAT target_type=call_site elapsed_min=26.2 files_done=1 resolved=43 errors=1009 current=dist-module/jquery.factory.module.js
[2026-04-19T10:28:02Z] [iter=1] HEARTBEAT target_type=call_site elapsed_min=61.1 files_done=2 resolved=95 errors=2418 current=dist-module/jquery.factory.slim.module.js
[2026-04-19T10:52:59Z] [iter=1] HEARTBEAT target_type=call_site elapsed_min=86.0 files_done=3 resolved=138 errors=3427 current=dist/jquery.slim.js
[2026-04-19T11:17:57Z] [iter=1] HEARTBEAT target_type=call_site elapsed_min=111.0 files_done=4 resolved=181 errors=4437 current=test/unit/manipulation.js
[2026-04-19T11:47:34Z] [iter=1] HEARTBEAT target_type=call_site elapsed_min=140.6 files_done=5 resolved=273 errors=5638 current=dist/jquery.js
[2026-04-19T12:22:23Z] [iter=1] HEARTBEAT target_type=call_site elapsed_min=175.4 files_done=6 resolved=325 errors=7048 current=dist/jquery.factory.slim.js
[2026-04-19T12:47:16Z] [iter=1] HEARTBEAT target_type=call_site elapsed_min=200.3 files_done=7 resolved=368 errors=8057 current=test/data/testinit.js
[2026-04-19T12:48:25Z] [iter=1] HEARTBEAT target_type=call_site elapsed_min=201.4 files_done=8 resolved=378 errors=8104 current=test/data/jquery-3.7.1.js
[2026-04-19T13:27:06Z] [iter=1] CHECKPOINT TRIGGERED elapsed_min=240.1 files_completed=8 new_files_this_iter=8 mem_mb=962 MB
[2026-04-19T13:27:06Z] [iter=1] Writing partial enrichment graph path=/home/runner/work/forx/forx/storage/aggregate/lsp/586182f35e818c318046dac1cbaa31ee7a07ee21.nq.gz triples=51435
[2026-04-19T13:27:07Z] [iter=1] Checkpoint written, exiting with code 7
[2026-04-19T13:27:07Z] [iter=1] PHASE END: enrich (checkpointed) elapsed_s=14408 elapsed_min=240.1 files_completed=8
