[2026-04-21T09:04:26Z] === ENRICH ITERATION 1 START | repo=jquery/jquery sha=6786a17e ===
[2026-04-21T09:04:26Z] [iter=1] PHASE START: enrich repo=jquery/jquery sha=6786a17e runlog=/home/runner/work/forx/forx/storage/aggregate/lsp/logs/6786a17e-enrich-iter-001.log output=/home/runner/work/forx/forx/storage/aggregate/lsp/6786a17edf982c50fd236ffa84cbde1a5723430e.nq.gz
[2026-04-21T09:04:57Z] [iter=1] Step 1: Loading AST into disk-backed store mem_mb=78 MB
[2026-04-21T09:05:16Z] [iter=1] AST store loaded triples=2366117 load_secs=18 mem_mb=873 MB
[2026-04-21T09:05:16Z] [iter=1] Step 2: Finding LSP targets mem_mb=873 MB
[2026-04-21T09:05:17Z] [iter=1] LSP targets found call_sites=25470 imports=0 extends=0 implements=0 secs=1
[2026-04-21T09:05:17Z] [iter=1] Step 2.7: Building position index (one-shot, shared across resolvers) mem_mb=873 MB
[2026-04-21T09:05:31Z] [iter=1] Position index built positions=163816 nodes_with_types=193899 secs=14 mem_mb=873 MB
[2026-04-21T09:05:31Z] [iter=1] Step 3: Starting LSP resolution mem_mb=873 MB already_completed_types=[] already_completed_files=0
[2026-04-21T09:05:31Z] [iter=1] Resolving target type target_type=call_site count=25470
[2026-04-21T09:05:32Z] [iter=1] HEARTBEAT target_type=call_site elapsed_min=1.1 files_done=0 resolved=0 errors=0 current=test/unit/ajax.js
[2026-04-21T09:14:23Z] [iter=1] HEARTBEAT target_type=call_site elapsed_min=10.0 files_done=1 resolved=11 errors=559 current=test/unit/basic.js
[2026-04-21T09:16:56Z] [iter=1] HEARTBEAT target_type=call_site elapsed_min=12.5 files_done=2 resolved=12 errors=720 current=test/unit/core.js
[2026-04-21T09:24:13Z] [iter=1] HEARTBEAT target_type=call_site elapsed_min=19.8 files_done=3 resolved=58 errors=1181 current=test/unit/css.js
[2026-04-21T09:36:48Z] [iter=1] HEARTBEAT target_type=call_site elapsed_min=32.4 files_done=4 resolved=126 errors=1956 current=test/unit/effects.js
[2026-04-21T09:51:13Z] [iter=1] HEARTBEAT target_type=call_site elapsed_min=46.8 files_done=5 resolved=155 errors=2863 current=dist/jquery.js
[2026-04-21T10:16:59Z] [iter=1] HEARTBEAT target_type=call_site elapsed_min=72.5 files_done=6 resolved=213 errors=4495 current=test/unit/offset.js
[2026-04-21T10:23:23Z] [iter=1] HEARTBEAT target_type=call_site elapsed_min=79.0 files_done=7 resolved=230 errors=4900 current=src/data/Data.js
[2026-04-21T10:40:03Z] [iter=1] HEARTBEAT target_type=call_site elapsed_min=95.6 files_done=9 resolved=253 errors=5945 current=test/unit/attributes.js
[2026-04-21T10:55:33Z] [iter=1] HEARTBEAT target_type=call_site elapsed_min=111.1 files_done=10 resolved=285 errors=6926 current=test/data/jquery-1.9.1.js
[2026-04-21T11:19:36Z] [iter=1] HEARTBEAT target_type=call_site elapsed_min=135.2 files_done=11 resolved=321 errors=8450 current=test/unit/traversing.js
[2026-04-21T11:29:02Z] [iter=1] HEARTBEAT target_type=call_site elapsed_min=144.6 files_done=12 resolved=352 errors=9048 current=dist/jquery.slim.js
[2026-04-21T11:50:15Z] [iter=1] HEARTBEAT target_type=call_site elapsed_min=165.8 files_done=13 resolved=404 errors=10392 current=test/unit/manipulation.js
[2026-04-21T12:09:24Z] [iter=1] HEARTBEAT target_type=call_site elapsed_min=185.0 files_done=14 resolved=495 errors=11571 current=test/unit/dimensions.js
[2026-04-21T12:18:46Z] [iter=1] HEARTBEAT target_type=call_site elapsed_min=194.3 files_done=15 resolved=498 errors=12166 current=test/unit/wrap.js
[2026-04-21T12:20:54Z] [iter=1] HEARTBEAT target_type=call_site elapsed_min=196.5 files_done=16 resolved=503 errors=12301 current=test/unit/deferred.js
[2026-04-21T12:27:30Z] [iter=1] HEARTBEAT target_type=call_site elapsed_min=203.1 files_done=17 resolved=521 errors=12720 current=build/tasks/promises_aplus_tests.js
[2026-04-21T12:28:25Z] [iter=1] HEARTBEAT target_type=call_site elapsed_min=204.0 files_done=19 resolved=525 errors=12778 current=src/css/adjustCSS.js
[2026-04-21T12:35:04Z] [iter=1] HEARTBEAT target_type=call_site elapsed_min=210.6 files_done=21 resolved=536 errors=13196 current=test/unit/deprecated.js
[2026-04-21T12:39:36Z] [iter=1] HEARTBEAT target_type=call_site elapsed_min=215.2 files_done=22 resolved=570 errors=13480 current=test/jquery.js
[2026-04-21T12:40:36Z] [iter=1] HEARTBEAT target_type=call_site elapsed_min=216.2 files_done=25 resolved=574 errors=13543 current=Gruntfile.js
[2026-04-21T12:41:06Z] [iter=1] HEARTBEAT target_type=call_site elapsed_min=216.7 files_done=26 resolved=575 errors=13575 current=test/integration/data/gh-1764-fullscreen.js
[2026-04-21T12:43:44Z] [iter=1] HEARTBEAT target_type=call_site elapsed_min=219.3 files_done=28 resolved=592 errors=13740 current=src/event.js
[2026-04-21T12:45:17Z] [iter=1] HEARTBEAT target_type=call_site elapsed_min=220.8 files_done=29 resolved=597 errors=13838 current=test/unit/serialize.js
[2026-04-21T12:45:54Z] [iter=1] HEARTBEAT target_type=call_site elapsed_min=221.5 files_done=30 resolved=601 errors=13877 current=src/queue.js
[2026-04-21T12:50:28Z] [iter=1] HEARTBEAT target_type=call_site elapsed_min=226.0 files_done=32 resolved=616 errors=14167 current=src/data.js
[2026-04-21T12:51:03Z] [iter=1] HEARTBEAT target_type=call_site elapsed_min=226.6 files_done=34 resolved=617 errors=14204 current=build/release/cdn.js
[2026-04-21T12:51:57Z] [iter=1] HEARTBEAT target_type=call_site elapsed_min=227.5 files_done=36 resolved=623 errors=14261 current=test/data/testinit.js
[2026-04-21T12:52:44Z] [iter=1] HEARTBEAT target_type=call_site elapsed_min=228.3 files_done=37 resolved=639 errors=14311 current=src/ajax/xhr.js
[2026-04-21T12:54:24Z] [iter=1] HEARTBEAT target_type=call_site elapsed_min=230.0 files_done=40 resolved=642 errors=14417 current=src/manipulation.js
[2026-04-21T12:55:56Z] [iter=1] HEARTBEAT target_type=call_site elapsed_min=231.5 files_done=41 resolved=642 errors=14514 current=src/effects.js
[2026-04-21T12:57:40Z] [iter=1] HEARTBEAT target_type=call_site elapsed_min=233.2 files_done=42 resolved=649 errors=14624 current=src/var/flat.js
[2026-04-21T12:58:29Z] [iter=1] HEARTBEAT target_type=call_site elapsed_min=234.1 files_done=45 resolved=657 errors=14676 current=build/tasks/build.js
[2026-04-21T12:59:32Z] [iter=1] HEARTBEAT target_type=call_site elapsed_min=235.1 files_done=46 resolved=657 errors=14743 current=src/core/parseXML.js
[2026-04-21T13:01:59Z] [iter=1] HEARTBEAT target_type=call_site elapsed_min=237.6 files_done=51 resolved=660 errors=14899 current=test/unit/callbacks.js
[2026-04-21T13:04:29Z] [iter=1] CHECKPOINT TRIGGERED elapsed_min=240.0 files_completed=51 new_files_this_iter=51 mem_mb=873 MB
[2026-04-21T13:04:29Z] [iter=1] Writing partial enrichment graph path=/home/runner/work/forx/forx/storage/aggregate/lsp/6786a17edf982c50fd236ffa84cbde1a5723430e.nq.gz triples=76440
[2026-04-21T13:04:30Z] [iter=1] Checkpoint written, exiting with code 7
[2026-04-21T13:04:30Z] [iter=1] PHASE END: enrich (checkpointed) elapsed_s=14403 elapsed_min=240.0 files_completed=51
