[2026-04-21T13:10:23Z] === ENRICH ITERATION 2 START | repo=jquery/jquery sha=6786a17e ===
[2026-04-21T13:10:23Z] [iter=2] PHASE START: enrich repo=jquery/jquery sha=6786a17e runlog=/home/runner/work/forx/forx/storage/aggregate/lsp/logs/6786a17e-enrich-iter-002.log output=/home/runner/work/forx/forx/storage/aggregate/lsp/6786a17edf982c50fd236ffa84cbde1a5723430e.nq.gz
[2026-04-21T13:10:46Z] [iter=2] Step 1: Loading AST into disk-backed store mem_mb=77 MB
[2026-04-21T13:11:05Z] [iter=2] AST store loaded triples=2366117 load_secs=18 mem_mb=867 MB
[2026-04-21T13:11:05Z] [iter=2] Step 2: Finding LSP targets mem_mb=867 MB
[2026-04-21T13:11:07Z] [iter=2] LSP targets found call_sites=25470 imports=0 extends=0 implements=0 secs=2
[2026-04-21T13:11:10Z] [iter=2] Loaded checkpoint partial graph triples=76440
[2026-04-21T13:11:10Z] [iter=2] Step 2.7: Building position index (one-shot, shared across resolvers) mem_mb=867 MB
[2026-04-21T13:11:26Z] [iter=2] Position index built positions=163816 nodes_with_types=193899 secs=16 mem_mb=867 MB
[2026-04-21T13:11:26Z] [iter=2] Step 3: Starting LSP resolution mem_mb=867 MB already_completed_types=[] already_completed_files=51
[2026-04-21T13:11:26Z] [iter=2] Resolving target type target_type=call_site count=25470
[2026-04-21T13:11:26Z] [iter=2] HEARTBEAT target_type=call_site elapsed_min=1.1 files_done=0 resolved=0 errors=0 current=test/unit/callbacks.js
[2026-04-21T13:14:16Z] [iter=2] HEARTBEAT target_type=call_site elapsed_min=3.9 files_done=1 resolved=0 errors=176 current=test/middleware-mockserver.js
[2026-04-21T13:16:02Z] [iter=2] HEARTBEAT target_type=call_site elapsed_min=5.7 files_done=2 resolved=18 errors=287 current=src/selector-native.js
[2026-04-21T13:16:33Z] [iter=2] HEARTBEAT target_type=call_site elapsed_min=6.2 files_done=3 resolved=18 errors=319 current=test/promises_aplus_adapters/deferred.js
[2026-04-21T13:17:03Z] [iter=2] HEARTBEAT target_type=call_site elapsed_min=6.7 files_done=5 resolved=23 errors=351 current=src/core/ready-no-deferred.js
[2026-04-21T13:17:38Z] [iter=2] HEARTBEAT target_type=call_site elapsed_min=7.3 files_done=9 resolved=27 errors=387 current=test/unit/support.js
[2026-04-21T13:19:30Z] [iter=2] HEARTBEAT target_type=call_site elapsed_min=9.1 files_done=11 resolved=29 errors=503 current=test/promises_aplus_adapters/when.js
[2026-04-21T13:20:16Z] [iter=2] HEARTBEAT target_type=call_site elapsed_min=9.9 files_done=13 resolved=33 errors=551 current=src/wrap.js
[2026-04-21T13:21:02Z] [iter=2] HEARTBEAT target_type=call_site elapsed_min=10.7 files_done=16 resolved=40 errors=599 current=build/tasks/node_smoke_tests.js
[2026-04-21T13:22:39Z] [iter=2] HEARTBEAT target_type=call_site elapsed_min=12.3 files_done=19 resolved=40 errors=700 current=src/exports/global.js
[2026-04-21T13:23:34Z] [iter=2] HEARTBEAT target_type=call_site elapsed_min=13.2 files_done=25 resolved=43 errors=758 current=src/ajax/load.js
[2026-04-21T13:24:55Z] [iter=2] HEARTBEAT target_type=call_site elapsed_min=14.5 files_done=27 resolved=54 errors=843 current=src/traversing.js
[2026-04-21T13:25:29Z] [iter=2] HEARTBEAT target_type=call_site elapsed_min=15.1 files_done=28 resolved=54 errors=878 current=src/attributes/classes.js
[2026-04-21T13:26:06Z] [iter=2] HEARTBEAT target_type=call_site elapsed_min=15.7 files_done=29 resolved=56 errors=917 current=src/data/var/dataPriv.js
[2026-04-21T13:26:45Z] [iter=2] HEARTBEAT target_type=call_site elapsed_min=16.4 files_done=36 resolved=58 errors=958 current=src/traversing/var/siblings.js
[2026-04-21T13:27:21Z] [iter=2] HEARTBEAT target_type=call_site elapsed_min=17.0 files_done=41 resolved=66 errors=996 current=src/core/support.js
[2026-04-21T13:27:57Z] [iter=2] HEARTBEAT target_type=call_site elapsed_min=17.6 files_done=46 resolved=66 errors=1034 current=src/var/whitespace.js
[2026-04-21T13:28:30Z] [iter=2] HEARTBEAT target_type=call_site elapsed_min=18.1 files_done=50 resolved=68 errors=1068 current=src/css/var/rnumnonpx.js
[2026-04-21T13:29:01Z] [iter=2] HEARTBEAT target_type=call_site elapsed_min=18.6 files_done=62 resolved=75 errors=1101 current=src/dimensions.js
[2026-04-21T13:29:34Z] [iter=2] HEARTBEAT target_type=call_site elapsed_min=19.2 files_done=90 resolved=80 errors=1135 current=src/css/finalPropName.js
[2026-04-21T13:29:51Z] [iter=2] Target type resolved target_type=call_site resolved=86 errors=1152 secs=1105 mem_mb=867 MB
[2026-04-21T13:29:59Z] [iter=2] Step 5: Writing final enrichment file triples=151718
[2026-04-21T13:30:03Z] [iter=2] Enrichment file written path=/home/runner/work/forx/forx/storage/aggregate/lsp/6786a17edf982c50fd236ffa84cbde1a5723430e.nq.gz size_kb=2858
[2026-04-21T13:30:03Z] [iter=2] Checkpoint cleared (enrichment complete)
[2026-04-21T13:30:03Z] [iter=2] PHASE END: enrich elapsed_s=1180 elapsed_min=19.7 total_triples=151718
