[2026-04-22T00:16:03Z] === ENRICH ITERATION 2 START | repo=jquery/jquery sha=6ad26fc7 ===
[2026-04-22T00:16:03Z] [iter=2] PHASE START: enrich repo=jquery/jquery sha=6ad26fc7 runlog=/home/runner/work/forx/forx/storage/aggregate/lsp/logs/6ad26fc7-enrich-iter-002.log output=/home/runner/work/forx/forx/storage/aggregate/lsp/6ad26fc72ddbc9d3f3886f98164efabc112d6c78.nq.gz
[2026-04-22T00:16:33Z] [iter=2] Step 1: Loading AST into disk-backed store mem_mb=77 MB
[2026-04-22T00:16:52Z] [iter=2] AST store loaded triples=2363366 load_secs=18 mem_mb=870 MB
[2026-04-22T00:16:52Z] [iter=2] Step 2: Finding LSP targets mem_mb=870 MB
[2026-04-22T00:16:53Z] [iter=2] LSP targets found call_sites=25449 imports=0 extends=0 implements=0 secs=1
[2026-04-22T00:16:56Z] [iter=2] Loaded checkpoint partial graph triples=77764
[2026-04-22T00:16:56Z] [iter=2] Step 2.7: Building position index (one-shot, shared across resolvers) mem_mb=870 MB
[2026-04-22T00:17:08Z] [iter=2] Position index built positions=163594 nodes_with_types=193652 secs=12 mem_mb=870 MB
[2026-04-22T00:17:08Z] [iter=2] Step 3: Starting LSP resolution mem_mb=870 MB already_completed_types=[] already_completed_files=51
[2026-04-22T00:17:08Z] [iter=2] Resolving target type target_type=call_site count=25449
[2026-04-22T00:17:09Z] [iter=2] HEARTBEAT target_type=call_site elapsed_min=1.1 files_done=0 resolved=0 errors=0 current=src/ajax.js
[2026-04-22T00:18:45Z] [iter=2] HEARTBEAT target_type=call_site elapsed_min=2.7 files_done=1 resolved=0 errors=98 current=build/tasks/build.js
[2026-04-22T00:20:01Z] [iter=2] HEARTBEAT target_type=call_site elapsed_min=4.0 files_done=2 resolved=0 errors=177 current=src/ajax/load.js
[2026-04-22T00:20:43Z] [iter=2] HEARTBEAT target_type=call_site elapsed_min=4.7 files_done=4 resolved=5 errors=220 current=build/tasks/node_smoke_tests.js
[2026-04-22T00:21:20Z] [iter=2] HEARTBEAT target_type=call_site elapsed_min=5.3 files_done=7 resolved=5 errors=259 current=test/data/testinit.js
[2026-04-22T00:22:09Z] [iter=2] HEARTBEAT target_type=call_site elapsed_min=6.1 files_done=8 resolved=21 errors=309 current=src/event/trigger.js
[2026-04-22T00:22:50Z] [iter=2] HEARTBEAT target_type=call_site elapsed_min=6.8 files_done=9 resolved=22 errors=351 current=src/event/focusin.js
[2026-04-22T00:23:22Z] [iter=2] HEARTBEAT target_type=call_site elapsed_min=7.3 files_done=11 resolved=22 errors=383 current=src/ajax/jsonp.js
[2026-04-22T00:23:53Z] [iter=2] HEARTBEAT target_type=call_site elapsed_min=7.8 files_done=16 resolved=26 errors=415 current=src/attributes/classes.js
[2026-04-22T00:24:32Z] [iter=2] HEARTBEAT target_type=call_site elapsed_min=8.5 files_done=17 resolved=28 errors=454 current=src/manipulation/buildFragment.js
[2026-04-22T00:25:28Z] [iter=2] HEARTBEAT target_type=call_site elapsed_min=9.4 files_done=21 resolved=30 errors=511 current=src/core/parseHTML.js
[2026-04-22T00:25:59Z] [iter=2] HEARTBEAT target_type=call_site elapsed_min=9.9 files_done=23 resolved=30 errors=543 current=build/tasks/testswarm.js
[2026-04-22T00:26:40Z] [iter=2] HEARTBEAT target_type=call_site elapsed_min=10.6 files_done=26 resolved=32 errors=585 current=src/css/support.js
[2026-04-22T00:27:28Z] [iter=2] HEARTBEAT target_type=call_site elapsed_min=11.4 files_done=28 resolved=40 errors=635 current=src/ajax/xhr.js
[2026-04-22T00:28:00Z] [iter=2] HEARTBEAT target_type=call_site elapsed_min=12.0 files_done=33 resolved=42 errors=668 current=test/data/csp-nonce.js
[2026-04-22T00:28:32Z] [iter=2] HEARTBEAT target_type=call_site elapsed_min=12.5 files_done=42 resolved=44 errors=701 current=src/var/rcheckableType.js
[2026-04-22T00:29:10Z] [iter=2] HEARTBEAT target_type=call_site elapsed_min=13.1 files_done=51 resolved=55 errors=740 current=src/css/var/rboxStyle.js
[2026-04-22T00:29:40Z] [iter=2] HEARTBEAT target_type=call_site elapsed_min=13.6 files_done=60 resolved=59 errors=771 current=src/core/DOMEval.js
[2026-04-22T00:30:17Z] [iter=2] HEARTBEAT target_type=call_site elapsed_min=14.2 files_done=68 resolved=61 errors=809 current=src/var/ObjectFunctionString.js
[2026-04-22T00:30:48Z] [iter=2] HEARTBEAT target_type=call_site elapsed_min=14.8 files_done=88 resolved=63 errors=840 current=src/var/slice.js
[2026-04-22T00:31:01Z] [iter=2] Target type resolved target_type=call_site resolved=66 errors=852 secs=832 mem_mb=870 MB
[2026-04-22T00:31:08Z] [iter=2] Step 5: Writing final enrichment file triples=151654
[2026-04-22T00:31:11Z] [iter=2] Enrichment file written path=/home/runner/work/forx/forx/storage/aggregate/lsp/6ad26fc72ddbc9d3f3886f98164efabc112d6c78.nq.gz size_kb=2856
[2026-04-22T00:31:11Z] [iter=2] Checkpoint cleared (enrichment complete)
[2026-04-22T00:31:11Z] [iter=2] PHASE END: enrich elapsed_s=909 elapsed_min=15.1 total_triples=151654
