[2026-04-24T22:34:26Z] === ENRICH ITERATION 1 START | repo=jquery/jquery sha=742610f1 ===
[2026-04-24T22:34:26Z] [iter=1] PHASE START: enrich repo=jquery/jquery sha=742610f1 runlog=/home/runner/work/forx/forx/storage/aggregate/lsp/logs/742610f1-enrich-iter-001.log output=/home/runner/work/forx/forx/storage/aggregate/lsp/742610f10e071865fb56907027f9d62bc646562b.nq.gz
[2026-04-24T22:34:41Z] [iter=1] Step 1: Loading AST into disk-backed store mem_mb=77 MB
[2026-04-24T22:34:55Z] [iter=1] AST store loaded triples=1862589 load_secs=13 mem_mb=863 MB
[2026-04-24T22:34:55Z] [iter=1] Step 2: Finding LSP targets mem_mb=863 MB
[2026-04-24T22:34:56Z] [iter=1] LSP targets found call_sites=20571 imports=0 extends=0 implements=0 secs=1
[2026-04-24T22:34:56Z] [iter=1] Step 2.7: Building position index (one-shot, shared across resolvers) mem_mb=863 MB
[2026-04-24T22:35:06Z] [iter=1] Position index built positions=128594 nodes_with_types=152858 secs=11 mem_mb=863 MB
[2026-04-24T22:35:06Z] [iter=1] Step 3: Starting LSP resolution mem_mb=863 MB already_completed_types=[] already_completed_files=0
[2026-04-24T22:35:06Z] [iter=1] Resolving target type target_type=call_site count=20571
[2026-04-24T22:35:07Z] [iter=1] HEARTBEAT target_type=call_site elapsed_min=0.7 files_done=0 resolved=0 errors=0 current=test/unit/data.js
[2026-04-24T22:40:00Z] [iter=1] HEARTBEAT target_type=call_site elapsed_min=5.6 files_done=1 resolved=11 errors=390 current=test/unit/deferred.js
[2026-04-24T22:41:50Z] [iter=1] HEARTBEAT target_type=call_site elapsed_min=7.4 files_done=2 resolved=11 errors=538 current=test/unit/event.js
[2026-04-24T22:53:19Z] [iter=1] HEARTBEAT target_type=call_site elapsed_min=18.9 files_done=3 resolved=22 errors=1455 current=test/unit/manipulation.js
[2026-04-24T23:06:43Z] [iter=1] HEARTBEAT target_type=call_site elapsed_min=32.3 files_done=4 resolved=103 errors=2527 current=test/unit/attributes.js
[2026-04-24T23:17:57Z] [iter=1] HEARTBEAT target_type=call_site elapsed_min=43.5 files_done=5 resolved=135 errors=3429 current=test/unit/css.js
[2026-04-24T23:25:26Z] [iter=1] HEARTBEAT target_type=call_site elapsed_min=51.0 files_done=6 resolved=183 errors=4028 current=test/unit/traversing.js
[2026-04-24T23:32:14Z] [iter=1] HEARTBEAT target_type=call_site elapsed_min=57.8 files_done=7 resolved=212 errors=4570 current=test/unit/selector.js
[2026-04-24T23:35:24Z] [iter=1] HEARTBEAT target_type=call_site elapsed_min=61.0 files_done=8 resolved=226 errors=4825 current=dist/jquery.js
[2026-04-24T23:54:15Z] [iter=1] HEARTBEAT target_type=call_site elapsed_min=79.8 files_done=9 resolved=251 errors=6341 current=test/data/jquery-1.9.1.js
[2026-04-25T00:13:15Z] [iter=1] HEARTBEAT target_type=call_site elapsed_min=98.8 files_done=10 resolved=287 errors=7865 current=test/unit/effects.js
[2026-04-25T00:22:56Z] [iter=1] HEARTBEAT target_type=call_site elapsed_min=108.5 files_done=11 resolved=315 errors=8641 current=test/unit/ajax.js
[2026-04-25T00:28:05Z] [iter=1] HEARTBEAT target_type=call_site elapsed_min=113.6 files_done=12 resolved=327 errors=9053 current=build/tasks/sourcemap.js
[2026-04-25T00:30:29Z] [iter=1] HEARTBEAT target_type=call_site elapsed_min=116.0 files_done=15 resolved=330 errors=9245 current=test/unit/serialize.js
[2026-04-25T00:35:07Z] [iter=1] HEARTBEAT target_type=call_site elapsed_min=120.7 files_done=17 resolved=342 errors=9617 current=test/unit/callbacks.js
[2026-04-25T00:37:09Z] [iter=1] HEARTBEAT target_type=call_site elapsed_min=122.7 files_done=18 resolved=343 errors=9780 current=test/unit/core.js
[2026-04-25T00:44:25Z] [iter=1] HEARTBEAT target_type=call_site elapsed_min=130.0 files_done=19 resolved=395 errors=10365 current=src/wrap.js
[2026-04-25T00:45:09Z] [iter=1] HEARTBEAT target_type=call_site elapsed_min=130.7 files_done=21 resolved=395 errors=10424 current=test/unit/wrap.js
[2026-04-25T00:46:38Z] [iter=1] HEARTBEAT target_type=call_site elapsed_min=132.2 files_done=22 resolved=400 errors=10543 current=src/intro.js
[2026-04-25T00:51:40Z] [iter=1] HEARTBEAT target_type=call_site elapsed_min=137.2 files_done=24 resolved=401 errors=10948 current=src/attributes/attr.js
[2026-04-25T00:53:11Z] [iter=1] HEARTBEAT target_type=call_site elapsed_min=138.7 files_done=26 resolved=401 errors=11070 current=test/promises_aplus_adapter.js
[2026-04-25T00:53:41Z] [iter=1] HEARTBEAT target_type=call_site elapsed_min=139.3 files_done=29 resolved=402 errors=11111 current=build/tasks/node_smoke_tests.js
[2026-04-25T00:55:25Z] [iter=1] HEARTBEAT target_type=call_site elapsed_min=141.0 files_done=31 resolved=410 errors=11250 current=test/node_smoke_tests/lib/ensure_iterability_es6.js
[2026-04-25T00:55:56Z] [iter=1] HEARTBEAT target_type=call_site elapsed_min=141.5 files_done=33 resolved=410 errors=11291 current=build/tasks/promises_aplus_tests.js
[2026-04-25T00:56:40Z] [iter=1] HEARTBEAT target_type=call_site elapsed_min=142.2 files_done=35 resolved=410 errors=11350 current=build/tasks/dist.js
[2026-04-25T00:58:14Z] [iter=1] HEARTBEAT target_type=call_site elapsed_min=143.8 files_done=37 resolved=416 errors=11476 current=test/node_smoke_tests/document_passed.js
[2026-04-25T00:58:48Z] [iter=1] HEARTBEAT target_type=call_site elapsed_min=144.4 files_done=40 resolved=418 errors=11522 current=test/unit/deprecated.js
[2026-04-25T00:59:23Z] [iter=1] HEARTBEAT target_type=call_site elapsed_min=144.9 files_done=43 resolved=419 errors=11569 current=src/deprecated.js
[2026-04-25T01:00:15Z] [iter=1] HEARTBEAT target_type=call_site elapsed_min=145.8 files_done=45 resolved=420 errors=11639 current=src/queue.js
[2026-04-25T01:00:46Z] [iter=1] HEARTBEAT target_type=call_site elapsed_min=146.3 files_done=47 resolved=428 errors=11680 current=src/data.js
[2026-04-25T01:01:35Z] [iter=1] HEARTBEAT target_type=call_site elapsed_min=147.1 files_done=49 resolved=432 errors=11746 current=src/selector-native.js
[2026-04-25T01:02:25Z] [iter=1] HEARTBEAT target_type=call_site elapsed_min=148.0 files_done=51 resolved=432 errors=11813 current=src/manipulation/buildFragment.js
[2026-04-25T01:03:46Z] [iter=1] HEARTBEAT target_type=call_site elapsed_min=149.3 files_done=53 resolved=434 errors=11922 current=test/data/testinit.js
[2026-04-25T01:04:17Z] [iter=1] HEARTBEAT target_type=call_site elapsed_min=149.8 files_done=55 resolved=446 errors=11963 current=src/ajax/jsonp.js
[2026-04-25T01:04:59Z] [iter=1] HEARTBEAT target_type=call_site elapsed_min=150.5 files_done=57 resolved=446 errors=12019 current=src/core.js
[2026-04-25T01:05:43Z] [iter=1] HEARTBEAT target_type=call_site elapsed_min=151.3 files_done=58 resolved=449 errors=12077 current=src/offset.js
[2026-04-25T01:06:20Z] [iter=1] HEARTBEAT target_type=call_site elapsed_min=151.9 files_done=61 resolved=451 errors=12126 current=src/css.js
[2026-04-25T01:07:14Z] [iter=1] HEARTBEAT target_type=call_site elapsed_min=152.8 files_done=62 resolved=457 errors=12199 current=test/node_smoke_tests/iterable_with_symbol_polyfill.js
[2026-04-25T01:07:47Z] [iter=1] HEARTBEAT target_type=call_site elapsed_min=153.3 files_done=65 resolved=457 errors=12242 current=src/traversing/findFilter.js
[2026-04-25T01:08:18Z] [iter=1] HEARTBEAT target_type=call_site elapsed_min=153.9 files_done=68 resolved=460 errors=12284 current=src/core/init.js
[2026-04-25T01:08:49Z] [iter=1] HEARTBEAT target_type=call_site elapsed_min=154.4 files_done=73 resolved=464 errors=12325 current=test/unit/exports.js
[2026-04-25T01:09:22Z] [iter=1] HEARTBEAT target_type=call_site elapsed_min=154.9 files_done=78 resolved=467 errors=12369 current=build/release/dist.js
[2026-04-25T01:09:52Z] [iter=1] HEARTBEAT target_type=call_site elapsed_min=155.4 files_done=83 resolved=477 errors=12409 current=build/tasks/testswarm.js
[2026-04-25T01:10:24Z] [iter=1] HEARTBEAT target_type=call_site elapsed_min=156.0 files_done=91 resolved=486 errors=12451 current=src/attributes/prop.js
[2026-04-25T01:10:56Z] [iter=1] HEARTBEAT target_type=call_site elapsed_min=156.5 files_done=103 resolved=490 errors=12494 current=src/var/rnotwhite.js
[2026-04-25T01:11:22Z] [iter=1] Target type resolved target_type=call_site resolved=495 errors=12528 secs=9376 mem_mb=863 MB
[2026-04-25T01:11:29Z] [iter=1] Step 5: Writing final enrichment file triples=115842
[2026-04-25T01:11:31Z] [iter=1] Enrichment file written path=/home/runner/work/forx/forx/storage/aggregate/lsp/742610f10e071865fb56907027f9d62bc646562b.nq.gz size_kb=2151
[2026-04-25T01:11:31Z] [iter=1] PHASE END: enrich elapsed_s=9425 elapsed_min=157.1 total_triples=115842
