[2026-04-22T18:28:03Z] === ENRICH ITERATION 1 START | repo=jquery/jquery sha=75f7e963 ===
[2026-04-22T18:28:03Z] [iter=1] PHASE START: enrich repo=jquery/jquery sha=75f7e963 runlog=/home/runner/work/forx/forx/storage/aggregate/lsp/logs/75f7e963-enrich-iter-001.log output=/home/runner/work/forx/forx/storage/aggregate/lsp/75f7e963708b60f37a42b777f35825d33c4f8e7a.nq.gz
[2026-04-22T18:28:23Z] [iter=1] Step 1: Loading AST into disk-backed store mem_mb=77 MB
[2026-04-22T18:28:42Z] [iter=1] AST store loaded triples=2335979 load_secs=17 mem_mb=873 MB
[2026-04-22T18:28:42Z] [iter=1] Step 2: Finding LSP targets mem_mb=873 MB
[2026-04-22T18:28:43Z] [iter=1] LSP targets found call_sites=24950 imports=0 extends=0 implements=0 secs=1
[2026-04-22T18:28:43Z] [iter=1] Step 2.7: Building position index (one-shot, shared across resolvers) mem_mb=873 MB
[2026-04-22T18:28:56Z] [iter=1] Position index built positions=161605 nodes_with_types=191136 secs=13 mem_mb=873 MB
[2026-04-22T18:28:56Z] [iter=1] Step 3: Starting LSP resolution mem_mb=873 MB already_completed_types=[] already_completed_files=0
[2026-04-22T18:28:56Z] [iter=1] Resolving target type target_type=call_site count=24950
[2026-04-22T18:28:56Z] [iter=1] HEARTBEAT target_type=call_site elapsed_min=0.9 files_done=0 resolved=0 errors=0 current=test/data/jquery-1.9.1.js
[2026-04-22T18:52:46Z] [iter=1] HEARTBEAT target_type=call_site elapsed_min=24.7 files_done=1 resolved=36 errors=1524 current=test/unit/core.js
[2026-04-22T18:59:36Z] [iter=1] HEARTBEAT target_type=call_site elapsed_min=31.6 files_done=2 resolved=78 errors=1961 current=test/unit/basic.js
[2026-04-22T19:02:11Z] [iter=1] HEARTBEAT target_type=call_site elapsed_min=34.1 files_done=3 resolved=79 errors=2126 current=test/unit/event.js
[2026-04-22T19:17:45Z] [iter=1] HEARTBEAT target_type=call_site elapsed_min=49.7 files_done=4 resolved=97 errors=3121 current=src/effects.js
[2026-04-22T19:19:28Z] [iter=1] HEARTBEAT target_type=call_site elapsed_min=51.4 files_done=5 resolved=104 errors=3231 current=test/unit/callbacks.js
[2026-04-22T19:22:13Z] [iter=1] HEARTBEAT target_type=call_site elapsed_min=54.2 files_done=6 resolved=105 errors=3407 current=src/attributes/attr.js
[2026-04-22T19:31:54Z] [iter=1] HEARTBEAT target_type=call_site elapsed_min=63.8 files_done=8 resolved=108 errors=4025 current=dist/jquery.js
[2026-04-22T19:57:01Z] [iter=1] HEARTBEAT target_type=call_site elapsed_min=89.0 files_done=9 resolved=157 errors=5621 current=test/unit/manipulation.js
[2026-04-22T20:15:02Z] [iter=1] HEARTBEAT target_type=call_site elapsed_min=107.0 files_done=10 resolved=245 errors=6769 current=test/unit/effects.js
[2026-04-22T20:29:20Z] [iter=1] HEARTBEAT target_type=call_site elapsed_min=121.3 files_done=11 resolved=274 errors=7681 current=test/unit/data.js
[2026-04-22T20:35:36Z] [iter=1] HEARTBEAT target_type=call_site elapsed_min=127.5 files_done=12 resolved=285 errors=8082 current=dist/jquery.slim.js
[2026-04-22T20:56:06Z] [iter=1] HEARTBEAT target_type=call_site elapsed_min=148.0 files_done=13 resolved=328 errors=9392 current=test/unit/deferred.js
[2026-04-22T21:02:38Z] [iter=1] HEARTBEAT target_type=call_site elapsed_min=154.6 files_done=14 resolved=346 errors=9811 current=src/core/init.js
[2026-04-22T21:14:31Z] [iter=1] HEARTBEAT target_type=call_site elapsed_min=166.5 files_done=16 resolved=412 errors=10572 current=test/unit/animation.js
[2026-04-22T21:15:42Z] [iter=1] HEARTBEAT target_type=call_site elapsed_min=167.7 files_done=17 resolved=412 errors=10647 current=src/selector-native.js
[2026-04-22T21:25:32Z] [iter=1] HEARTBEAT target_type=call_site elapsed_min=177.5 files_done=19 resolved=443 errors=11274 current=test/unit/attributes.js
[2026-04-22T21:40:37Z] [iter=1] HEARTBEAT target_type=call_site elapsed_min=192.6 files_done=20 resolved=475 errors=12237 current=test/unit/ajax.js
[2026-04-22T21:49:05Z] [iter=1] HEARTBEAT target_type=call_site elapsed_min=201.0 files_done=21 resolved=486 errors=12776 current=test/unit/ready.js
[2026-04-22T21:49:59Z] [iter=1] HEARTBEAT target_type=call_site elapsed_min=201.9 files_done=22 resolved=490 errors=12833 current=test/middleware-mockserver.js
[2026-04-22T21:51:35Z] [iter=1] HEARTBEAT target_type=call_site elapsed_min=203.5 files_done=23 resolved=506 errors=12936 current=src/ajax.js
[2026-04-22T21:53:03Z] [iter=1] HEARTBEAT target_type=call_site elapsed_min=205.0 files_done=24 resolved=508 errors=13030 current=test/unit/offset.js
[2026-04-22T21:59:24Z] [iter=1] HEARTBEAT target_type=call_site elapsed_min=211.3 files_done=25 resolved=524 errors=13435 current=build/tasks/node_smoke_tests.js
[2026-04-22T22:00:45Z] [iter=1] HEARTBEAT target_type=call_site elapsed_min=212.7 files_done=27 resolved=524 errors=13521 current=build/tasks/promises_aplus_tests.js
[2026-04-22T22:04:55Z] [iter=1] HEARTBEAT target_type=call_site elapsed_min=216.9 files_done=29 resolved=538 errors=13786 current=test/unit/deprecated.js
[2026-04-22T22:09:02Z] [iter=1] HEARTBEAT target_type=call_site elapsed_min=221.0 files_done=30 resolved=570 errors=14048 current=test/promises_aplus_adapters/deferred.js
[2026-04-22T22:11:15Z] [iter=1] HEARTBEAT target_type=call_site elapsed_min=223.2 files_done=33 resolved=574 errors=14190 current=src/core/readyException.js
[2026-04-22T22:11:47Z] [iter=1] HEARTBEAT target_type=call_site elapsed_min=223.7 files_done=36 resolved=579 errors=14224 current=src/wrap.js
[2026-04-22T22:12:37Z] [iter=1] HEARTBEAT target_type=call_site elapsed_min=224.6 files_done=38 resolved=580 errors=14277 current=Gruntfile.js
[2026-04-22T22:15:23Z] [iter=1] HEARTBEAT target_type=call_site elapsed_min=227.3 files_done=40 resolved=590 errors=14451 current=src/dimensions.js
[2026-04-22T22:16:06Z] [iter=1] HEARTBEAT target_type=call_site elapsed_min=228.0 files_done=42 resolved=595 errors=14497 current=test/unit/wrap.js
[2026-04-22T22:18:14Z] [iter=1] HEARTBEAT target_type=call_site elapsed_min=230.2 files_done=43 resolved=600 errors=14633 current=src/ajax/parseXML.js
[2026-04-22T22:18:50Z] [iter=1] HEARTBEAT target_type=call_site elapsed_min=230.8 files_done=48 resolved=608 errors=14671 current=src/css/curCSS.js
[2026-04-22T22:19:37Z] [iter=1] HEARTBEAT target_type=call_site elapsed_min=231.6 files_done=50 resolved=623 errors=14720 current=src/ajax/load.js
[2026-04-22T22:20:24Z] [iter=1] HEARTBEAT target_type=call_site elapsed_min=232.3 files_done=52 resolved=625 errors=14770 current=src/deferred.js
[2026-04-22T22:21:35Z] [iter=1] HEARTBEAT target_type=call_site elapsed_min=233.5 files_done=53 resolved=627 errors=14846 current=test/data/testrunner.js
[2026-04-22T22:23:33Z] [iter=1] HEARTBEAT target_type=call_site elapsed_min=235.5 files_done=57 resolved=632 errors=14971 current=test/data/core/jquery-iterability-transpiled-es6.js
[2026-04-22T22:24:53Z] [iter=1] HEARTBEAT target_type=call_site elapsed_min=236.8 files_done=60 resolved=643 errors=15055 current=src/manipulation.js
[2026-04-22T22:26:26Z] [iter=1] HEARTBEAT target_type=call_site elapsed_min=238.4 files_done=61 resolved=643 errors=15153 current=src/traversing.js
[2026-04-22T22:26:58Z] [iter=1] HEARTBEAT target_type=call_site elapsed_min=238.9 files_done=62 resolved=643 errors=15187 current=src/event/trigger.js
[2026-04-22T22:27:38Z] [iter=1] HEARTBEAT target_type=call_site elapsed_min=239.6 files_done=63 resolved=643 errors=15229 current=src/serialize.js
[2026-04-22T22:28:05Z] [iter=1] CHECKPOINT TRIGGERED elapsed_min=240.0 files_completed=64 new_files_this_iter=64 mem_mb=873 MB
[2026-04-22T22:28:05Z] [iter=1] Writing partial enrichment graph path=/home/runner/work/forx/forx/storage/aggregate/lsp/75f7e963708b60f37a42b777f35825d33c4f8e7a.nq.gz triples=77471
[2026-04-22T22:28:06Z] [iter=1] Checkpoint written, exiting with code 7
[2026-04-22T22:28:06Z] [iter=1] PHASE END: enrich (checkpointed) elapsed_s=14402 elapsed_min=240.0 files_completed=64
