[2026-04-18T23:02:25Z] === ENRICH ITERATION 1 START | repo=jquery/jquery sha=97525193 ===
[2026-04-18T23:02:25Z] [iter=1] PHASE START: enrich repo=jquery/jquery sha=97525193 runlog=/home/runner/work/forx/forx/storage/aggregate/lsp/logs/97525193-enrich-iter-001.log output=/home/runner/work/forx/forx/storage/aggregate/lsp/97525193735ed32c332f0dbaf2f782df8b1b949b.nq.gz
[2026-04-18T23:02:52Z] [iter=1] Step 1: Loading AST into disk-backed store mem_mb=78 MB
[2026-04-18T23:03:27Z] [iter=1] AST store loaded triples=3783171 load_secs=33 mem_mb=994 MB
[2026-04-18T23:03:27Z] [iter=1] Step 2: Finding LSP targets mem_mb=994 MB
[2026-04-18T23:03:29Z] [iter=1] LSP targets found call_sites=35299 imports=549 extends=0 implements=0 secs=2
[2026-04-18T23:03:29Z] [iter=1] Step 2.7: Building position index (one-shot, shared across resolvers) mem_mb=994 MB
[2026-04-18T23:03:51Z] [iter=1] Position index built positions=264674 nodes_with_types=308330 secs=23 mem_mb=994 MB
[2026-04-18T23:03:51Z] [iter=1] Step 3: Starting LSP resolution mem_mb=994 MB already_completed_types=[] already_completed_files=0
[2026-04-18T23:03:51Z] [iter=1] Resolving target type target_type=call_site count=35299
[2026-04-18T23:03:52Z] [iter=1] HEARTBEAT target_type=call_site elapsed_min=1.5 files_done=0 resolved=0 errors=0 current=dist-module/jquery.factory.slim.module.js
[2026-04-18T23:28:53Z] [iter=1] HEARTBEAT target_type=call_site elapsed_min=26.5 files_done=1 resolved=43 errors=1005 current=dist/jquery.slim.js
[2026-04-18T23:53:52Z] [iter=1] HEARTBEAT target_type=call_site elapsed_min=51.5 files_done=2 resolved=86 errors=2011 current=src/event.js
[2026-04-18T23:56:20Z] [iter=1] HEARTBEAT target_type=call_site elapsed_min=53.9 files_done=3 resolved=92 errors=2110 current=test/unit/css.js
[2026-04-19T00:16:44Z] [iter=1] HEARTBEAT target_type=call_site elapsed_min=74.3 files_done=4 resolved=156 errors=2931 current=test/data/jquery-3.7.1.js
[2026-04-19T00:56:16Z] [iter=1] HEARTBEAT target_type=call_site elapsed_min=113.9 files_done=5 resolved=211 errors=4520 current=test/unit/data.js
[2026-04-19T01:06:24Z] [iter=1] HEARTBEAT target_type=call_site elapsed_min=124.0 files_done=6 resolved=222 errors=4928 current=dist/jquery.factory.slim.js
[2026-04-19T01:31:24Z] [iter=1] HEARTBEAT target_type=call_site elapsed_min=149.0 files_done=7 resolved=265 errors=5933 current=test/unit/deferred.js
[2026-04-19T01:41:46Z] [iter=1] HEARTBEAT target_type=call_site elapsed_min=159.4 files_done=8 resolved=278 errors=6350 current=test/unit/event.js
[2026-04-19T02:09:22Z] [iter=1] HEARTBEAT target_type=call_site elapsed_min=187.0 files_done=9 resolved=295 errors=7457 current=test/node_smoke_tests/dual/regular/import-and-require.js
[2026-04-19T02:44:22Z] [iter=1] HEARTBEAT target_type=call_site elapsed_min=222.0 files_done=11 resolved=347 errors=8864 current=test/unit/ajax.js
[2026-04-19T02:59:57Z] [iter=1] HEARTBEAT target_type=call_site elapsed_min=237.5 files_done=12 resolved=361 errors=9491 current=dist/jquery.js
[2026-04-19T03:02:28Z] [iter=1] CHECKPOINT TRIGGERED elapsed_min=240.1 files_completed=12 new_files_this_iter=12 mem_mb=994 MB
[2026-04-19T03:02:28Z] [iter=1] Writing partial enrichment graph path=/home/runner/work/forx/forx/storage/aggregate/lsp/97525193735ed32c332f0dbaf2f782df8b1b949b.nq.gz triples=50719
[2026-04-19T03:02:29Z] [iter=1] Checkpoint written, exiting with code 7
[2026-04-19T03:02:29Z] [iter=1] PHASE END: enrich (checkpointed) elapsed_s=14403 elapsed_min=240.1 files_completed=12
