[2026-04-22T11:04:16Z] === ENRICH ITERATION 2 START | repo=jquery/jquery sha=e1cffdef ===
[2026-04-22T11:04:16Z] [iter=2] PHASE START: enrich repo=jquery/jquery sha=e1cffdef runlog=/home/runner/work/forx/forx/storage/aggregate/lsp/logs/e1cffdef-enrich-iter-002.log output=/home/runner/work/forx/forx/storage/aggregate/lsp/e1cffdef277fcf543833a20d28cbadcd000ebece.nq.gz
[2026-04-22T11:04:44Z] [iter=2] Step 1: Loading AST into disk-backed store mem_mb=77 MB
[2026-04-22T11:05:04Z] [iter=2] AST store loaded triples=2355537 load_secs=19 mem_mb=860 MB
[2026-04-22T11:05:04Z] [iter=2] Step 2: Finding LSP targets mem_mb=860 MB
[2026-04-22T11:05:06Z] [iter=2] LSP targets found call_sites=25268 imports=0 extends=0 implements=0 secs=1
[2026-04-22T11:05:09Z] [iter=2] Loaded checkpoint partial graph triples=76979
[2026-04-22T11:05:09Z] [iter=2] Step 2.7: Building position index (one-shot, shared across resolvers) mem_mb=860 MB
[2026-04-22T11:05:23Z] [iter=2] Position index built positions=163019 nodes_with_types=192924 secs=15 mem_mb=860 MB
[2026-04-22T11:05:23Z] [iter=2] Step 3: Starting LSP resolution mem_mb=860 MB already_completed_types=[] already_completed_files=57
[2026-04-22T11:05:23Z] [iter=2] Resolving target type target_type=call_site count=25268
[2026-04-22T11:05:23Z] [iter=2] HEARTBEAT target_type=call_site elapsed_min=1.1 files_done=0 resolved=0 errors=0 current=src/css.js
[2026-04-22T11:06:33Z] [iter=2] HEARTBEAT target_type=call_site elapsed_min=2.3 files_done=1 resolved=4 errors=70 current=src/effects.js
[2026-04-22T11:08:22Z] [iter=2] HEARTBEAT target_type=call_site elapsed_min=4.1 files_done=2 resolved=11 errors=180 current=src/callbacks.js
[2026-04-22T11:09:19Z] [iter=2] HEARTBEAT target_type=call_site elapsed_min=5.0 files_done=4 resolved=11 errors=237 current=test/unit/support.js
[2026-04-22T11:10:11Z] [iter=2] HEARTBEAT target_type=call_site elapsed_min=5.9 files_done=6 resolved=13 errors=290 current=test/integration/data/gh-1764-fullscreen.js
[2026-04-22T11:10:43Z] [iter=2] HEARTBEAT target_type=call_site elapsed_min=6.5 files_done=8 resolved=21 errors=323 current=build/tasks/build.js
[2026-04-22T11:12:01Z] [iter=2] HEARTBEAT target_type=call_site elapsed_min=7.8 files_done=9 resolved=21 errors=402 current=src/deprecated/ajax-event-alias.js
[2026-04-22T11:12:49Z] [iter=2] HEARTBEAT target_type=call_site elapsed_min=8.6 files_done=13 resolved=23 errors=450 current=src/css/var/rboxStyle.js
[2026-04-22T11:13:42Z] [iter=2] HEARTBEAT target_type=call_site elapsed_min=9.4 files_done=15 resolved=27 errors=504 current=src/core.js
[2026-04-22T11:14:21Z] [iter=2] HEARTBEAT target_type=call_site elapsed_min=10.1 files_done=16 resolved=31 errors=543 current=src/css/addGetHookIf.js
[2026-04-22T11:15:01Z] [iter=2] HEARTBEAT target_type=call_site elapsed_min=10.8 files_done=20 resolved=32 errors=583 current=src/manipulation/support.js
[2026-04-22T11:15:37Z] [iter=2] HEARTBEAT target_type=call_site elapsed_min=11.4 files_done=27 resolved=40 errors=619 current=test/node_smoke_tests/lib/ensure_iterability_es6.js
[2026-04-22T11:16:09Z] [iter=2] HEARTBEAT target_type=call_site elapsed_min=11.9 files_done=30 resolved=42 errors=651 current=src/wrapper.js
[2026-04-22T11:16:40Z] [iter=2] HEARTBEAT target_type=call_site elapsed_min=12.4 files_done=33 resolved=43 errors=683 current=test/unit/exports.js
[2026-04-22T11:17:36Z] [iter=2] HEARTBEAT target_type=call_site elapsed_min=13.3 files_done=41 resolved=49 errors=740 current=src/core/nodeName.js
[2026-04-22T11:18:07Z] [iter=2] HEARTBEAT target_type=call_site elapsed_min=13.9 files_done=49 resolved=55 errors=771 current=src/css/var/isHiddenWithinTree.js
[2026-04-22T11:18:38Z] [iter=2] HEARTBEAT target_type=call_site elapsed_min=14.4 files_done=58 resolved=59 errors=802 current=test/promises_aplus_adapters/deferred.js
[2026-04-22T11:19:14Z] [iter=2] HEARTBEAT target_type=call_site elapsed_min=15.0 files_done=65 resolved=62 errors=839 current=src/var/toString.js
[2026-04-22T11:19:45Z] [iter=2] HEARTBEAT target_type=call_site elapsed_min=15.5 files_done=89 resolved=68 errors=870 current=test/data/nomodule.js
[2026-04-22T11:19:52Z] [iter=2] Target type resolved target_type=call_site resolved=71 errors=876 secs=869 mem_mb=860 MB
[2026-04-22T11:20:01Z] [iter=2] Step 5: Writing final enrichment file triples=151008
[2026-04-22T11:20:04Z] [iter=2] Enrichment file written path=/home/runner/work/forx/forx/storage/aggregate/lsp/e1cffdef277fcf543833a20d28cbadcd000ebece.nq.gz size_kb=2843
[2026-04-22T11:20:04Z] [iter=2] Checkpoint cleared (enrichment complete)
[2026-04-22T11:20:04Z] [iter=2] PHASE END: enrich elapsed_s=949 elapsed_min=15.8 total_triples=151008
