[2026-04-22T06:57:53Z] === ENRICH ITERATION 1 START | repo=jquery/jquery sha=e1cffdef ===
[2026-04-22T06:57:53Z] [iter=1] PHASE START: enrich repo=jquery/jquery sha=e1cffdef runlog=/home/runner/work/forx/forx/storage/aggregate/lsp/logs/e1cffdef-enrich-iter-001.log output=/home/runner/work/forx/forx/storage/aggregate/lsp/e1cffdef277fcf543833a20d28cbadcd000ebece.nq.gz
[2026-04-22T06:58:21Z] [iter=1] Step 1: Loading AST into disk-backed store mem_mb=77 MB
[2026-04-22T06:58:38Z] [iter=1] AST store loaded triples=2355537 load_secs=17 mem_mb=875 MB
[2026-04-22T06:58:38Z] [iter=1] Step 2: Finding LSP targets mem_mb=875 MB
[2026-04-22T06:58:40Z] [iter=1] LSP targets found call_sites=25268 imports=0 extends=0 implements=0 secs=1
[2026-04-22T06:58:40Z] [iter=1] Step 2.7: Building position index (one-shot, shared across resolvers) mem_mb=875 MB
[2026-04-22T06:58:53Z] [iter=1] Position index built positions=163019 nodes_with_types=192924 secs=14 mem_mb=875 MB
[2026-04-22T06:58:53Z] [iter=1] Step 3: Starting LSP resolution mem_mb=875 MB already_completed_types=[] already_completed_files=0
[2026-04-22T06:58:53Z] [iter=1] Resolving target type target_type=call_site count=25268
[2026-04-22T06:58:54Z] [iter=1] HEARTBEAT target_type=call_site elapsed_min=1.0 files_done=0 resolved=0 errors=0 current=test/unit/traversing.js
[2026-04-22T07:08:21Z] [iter=1] HEARTBEAT target_type=call_site elapsed_min=10.5 files_done=1 resolved=31 errors=598 current=dist/jquery.js
[2026-04-22T07:34:06Z] [iter=1] HEARTBEAT target_type=call_site elapsed_min=36.2 files_done=2 resolved=84 errors=2225 current=test/unit/ajax.js
[2026-04-22T07:42:59Z] [iter=1] HEARTBEAT target_type=call_site elapsed_min=45.1 files_done=3 resolved=95 errors=2783 current=test/data/jquery-1.9.1.js
[2026-04-22T08:07:05Z] [iter=1] HEARTBEAT target_type=call_site elapsed_min=69.2 files_done=4 resolved=131 errors=4307 current=test/unit/selector.js
[2026-04-22T08:11:12Z] [iter=1] HEARTBEAT target_type=call_site elapsed_min=73.3 files_done=5 resolved=145 errors=4567 current=test/unit/manipulation.js
[2026-04-22T08:29:43Z] [iter=1] HEARTBEAT target_type=call_site elapsed_min=91.8 files_done=6 resolved=235 errors=5736 current=test/unit/core.js
[2026-04-22T08:36:55Z] [iter=1] HEARTBEAT target_type=call_site elapsed_min=99.0 files_done=7 resolved=280 errors=6191 current=test/unit/deferred.js
[2026-04-22T08:43:34Z] [iter=1] HEARTBEAT target_type=call_site elapsed_min=105.7 files_done=8 resolved=298 errors=6610 current=test/unit/data.js
[2026-04-22T08:50:06Z] [iter=1] HEARTBEAT target_type=call_site elapsed_min=112.2 files_done=9 resolved=309 errors=7022 current=test/unit/offset.js
[2026-04-22T08:56:31Z] [iter=1] HEARTBEAT target_type=call_site elapsed_min=118.6 files_done=10 resolved=326 errors=7427 current=test/unit/css.js
[2026-04-22T09:08:25Z] [iter=1] HEARTBEAT target_type=call_site elapsed_min=130.5 files_done=11 resolved=394 errors=8183 current=dist/jquery.slim.js
[2026-04-22T09:29:30Z] [iter=1] HEARTBEAT target_type=call_site elapsed_min=151.6 files_done=12 resolved=441 errors=9523 current=test/unit/event.js
[2026-04-22T09:45:32Z] [iter=1] HEARTBEAT target_type=call_site elapsed_min=167.6 files_done=13 resolved=461 errors=10539 current=test/unit/tween.js
[2026-04-22T09:47:34Z] [iter=1] HEARTBEAT target_type=call_site elapsed_min=169.7 files_done=14 resolved=464 errors=10667 current=src/css/showHide.js
[2026-04-22T10:03:01Z] [iter=1] HEARTBEAT target_type=call_site elapsed_min=185.1 files_done=16 resolved=496 errors=11646 current=test/unit/serialize.js
[2026-04-22T10:03:38Z] [iter=1] HEARTBEAT target_type=call_site elapsed_min=185.7 files_done=17 resolved=500 errors=11685 current=test/unit/deprecated.js
[2026-04-22T10:08:06Z] [iter=1] HEARTBEAT target_type=call_site elapsed_min=190.2 files_done=18 resolved=534 errors=11969 current=test/unit/dimensions.js
[2026-04-22T10:17:28Z] [iter=1] HEARTBEAT target_type=call_site elapsed_min=199.6 files_done=19 resolved=537 errors=12564 current=src/wrap.js
[2026-04-22T10:19:23Z] [iter=1] HEARTBEAT target_type=call_site elapsed_min=201.5 files_done=21 resolved=542 errors=12686 current=src/ajax/script.js
[2026-04-22T10:21:52Z] [iter=1] HEARTBEAT target_type=call_site elapsed_min=204.0 files_done=24 resolved=547 errors=12844 current=test/middleware-mockserver.js
[2026-04-22T10:23:32Z] [iter=1] HEARTBEAT target_type=call_site elapsed_min=205.6 files_done=25 resolved=565 errors=12951 current=test/unit/queue.js
[2026-04-22T10:25:58Z] [iter=1] HEARTBEAT target_type=call_site elapsed_min=208.1 files_done=26 resolved=574 errors=13106 current=build/release/cdn.js
[2026-04-22T10:40:46Z] [iter=1] HEARTBEAT target_type=call_site elapsed_min=222.9 files_done=28 resolved=607 errors=14049 current=Gruntfile.js
[2026-04-22T10:42:33Z] [iter=1] HEARTBEAT target_type=call_site elapsed_min=224.7 files_done=30 resolved=608 errors=14163 current=src/data.js
[2026-04-22T10:43:39Z] [iter=1] HEARTBEAT target_type=call_site elapsed_min=225.8 files_done=32 resolved=610 errors=14232 current=test/unit/basic.js
[2026-04-22T10:46:11Z] [iter=1] HEARTBEAT target_type=call_site elapsed_min=228.3 files_done=33 resolved=611 errors=14393 current=src/css/support.js
[2026-04-22T10:47:43Z] [iter=1] HEARTBEAT target_type=call_site elapsed_min=229.8 files_done=36 resolved=616 errors=14491 current=src/core/parseXML.js
[2026-04-22T10:50:43Z] [iter=1] HEARTBEAT target_type=call_site elapsed_min=232.8 files_done=40 resolved=617 errors=14682 current=src/event/focusin.js
[2026-04-22T10:51:41Z] [iter=1] HEARTBEAT target_type=call_site elapsed_min=233.8 files_done=43 resolved=627 errors=14743 current=src/deferred.js
[2026-04-22T10:52:53Z] [iter=1] HEARTBEAT target_type=call_site elapsed_min=235.0 files_done=44 resolved=629 errors=14819 current=src/attributes/val.js
[2026-04-22T10:54:50Z] [iter=1] HEARTBEAT target_type=call_site elapsed_min=236.9 files_done=46 resolved=633 errors=14942 current=build/tasks/lib/spawn_test.js
[2026-04-22T10:55:44Z] [iter=1] HEARTBEAT target_type=call_site elapsed_min=237.8 files_done=50 resolved=650 errors=15000 current=src/css/hiddenVisibleSelectors.js
[2026-04-22T10:56:16Z] [iter=1] HEARTBEAT target_type=call_site elapsed_min=238.4 files_done=53 resolved=655 errors=15034 current=src/var/rcheckableType.js
[2026-04-22T10:57:10Z] [iter=1] HEARTBEAT target_type=call_site elapsed_min=239.3 files_done=56 resolved=657 errors=15091 current=src/effects/animatedSelector.js
[2026-04-22T10:58:01Z] [iter=1] CHECKPOINT TRIGGERED elapsed_min=240.1 files_completed=57 new_files_this_iter=57 mem_mb=875 MB
[2026-04-22T10:58:01Z] [iter=1] Writing partial enrichment graph path=/home/runner/work/forx/forx/storage/aggregate/lsp/e1cffdef277fcf543833a20d28cbadcd000ebece.nq.gz triples=76979
[2026-04-22T10:58:02Z] [iter=1] Checkpoint written, exiting with code 7
[2026-04-22T10:58:02Z] [iter=1] PHASE END: enrich (checkpointed) elapsed_s=14407 elapsed_min=240.1 files_completed=57
