[2026-04-24T12:09:22Z] === ENRICH ITERATION 1 START | repo=jquery/jquery sha=ef64d82e ===
[2026-04-24T12:09:22Z] [iter=1] PHASE START: enrich repo=jquery/jquery sha=ef64d82e runlog=/home/runner/work/forx/forx/storage/aggregate/lsp/logs/ef64d82e-enrich-iter-001.log output=/home/runner/work/forx/forx/storage/aggregate/lsp/ef64d82ec3d1717478979cba986d896aa0dda617.nq.gz
[2026-04-24T12:09:36Z] [iter=1] Step 1: Loading AST into disk-backed store mem_mb=78 MB
[2026-04-24T12:09:50Z] [iter=1] AST store loaded triples=1833917 load_secs=13 mem_mb=866 MB
[2026-04-24T12:09:50Z] [iter=1] Step 2: Finding LSP targets mem_mb=866 MB
[2026-04-24T12:09:51Z] [iter=1] LSP targets found call_sites=20928 imports=0 extends=0 implements=0 secs=1
[2026-04-24T12:09:51Z] [iter=1] Step 2.7: Building position index (one-shot, shared across resolvers) mem_mb=866 MB
[2026-04-24T12:10:01Z] [iter=1] Position index built positions=125493 nodes_with_types=150331 secs=11 mem_mb=866 MB
[2026-04-24T12:10:01Z] [iter=1] Step 3: Starting LSP resolution mem_mb=866 MB already_completed_types=[] already_completed_files=0
[2026-04-24T12:10:01Z] [iter=1] Resolving target type target_type=call_site count=20928
[2026-04-24T12:10:02Z] [iter=1] HEARTBEAT target_type=call_site elapsed_min=0.7 files_done=0 resolved=0 errors=0 current=test/unit/traversing.js
[2026-04-24T12:12:29Z] [iter=1] HEARTBEAT target_type=call_site elapsed_min=3.1 files_done=1 resolved=29 errors=197 current=test/unit/effects.js
[2026-04-24T12:18:28Z] [iter=1] HEARTBEAT target_type=call_site elapsed_min=9.1 files_done=2 resolved=57 errors=685 current=test/unit/manipulation.js
[2026-04-24T12:25:14Z] [iter=1] HEARTBEAT target_type=call_site elapsed_min=15.9 files_done=3 resolved=143 errors=1236 current=src/css.js
[2026-04-24T12:26:04Z] [iter=1] HEARTBEAT target_type=call_site elapsed_min=16.7 files_done=4 resolved=148 errors=1305 current=test/unit/css.js
[2026-04-24T12:30:13Z] [iter=1] HEARTBEAT target_type=call_site elapsed_min=20.8 files_done=5 resolved=209 errors=1641 current=test/unit/ajax.js
[2026-04-24T12:31:29Z] [iter=1] HEARTBEAT target_type=call_site elapsed_min=22.1 files_done=6 resolved=220 errors=1745 current=test/unit/event.js
[2026-04-24T12:37:01Z] [iter=1] HEARTBEAT target_type=call_site elapsed_min=27.6 files_done=7 resolved=226 errors=2198 current=test/unit/core.js
[2026-04-24T12:38:18Z] [iter=1] HEARTBEAT target_type=call_site elapsed_min=28.9 files_done=8 resolved=271 errors=2302 current=test/data/testrunner.js
[2026-04-24T12:43:32Z] [iter=1] HEARTBEAT target_type=call_site elapsed_min=34.2 files_done=10 resolved=305 errors=2728 current=test/unit/support.js
[2026-04-24T12:44:06Z] [iter=1] HEARTBEAT target_type=call_site elapsed_min=34.7 files_done=12 resolved=312 errors=2775 current=dist/jquery.js
[2026-04-24T13:03:43Z] [iter=1] HEARTBEAT target_type=call_site elapsed_min=54.4 files_done=13 resolved=343 errors=4378 current=test/unit/data.js
[2026-04-24T13:05:46Z] [iter=1] HEARTBEAT target_type=call_site elapsed_min=56.4 files_done=14 resolved=353 errors=4546 current=test/unit/deferred.js
[2026-04-24T13:09:04Z] [iter=1] HEARTBEAT target_type=call_site elapsed_min=59.7 files_done=15 resolved=362 errors=4816 current=test/unit/selector.js
[2026-04-24T13:09:58Z] [iter=1] HEARTBEAT target_type=call_site elapsed_min=60.6 files_done=16 resolved=377 errors=4890 current=test/data/jquery-1.9.1.js
[2026-04-24T13:28:36Z] [iter=1] HEARTBEAT target_type=call_site elapsed_min=79.2 files_done=17 resolved=413 errors=6414 current=test/unit/tween.js
[2026-04-24T13:29:12Z] [iter=1] HEARTBEAT target_type=call_site elapsed_min=79.8 files_done=18 resolved=417 errors=6463 current=test/unit/offset.js
[2026-04-24T13:31:45Z] [iter=1] HEARTBEAT target_type=call_site elapsed_min=82.4 files_done=19 resolved=422 errors=6672 current=test/unit/queue.js
[2026-04-24T13:32:37Z] [iter=1] HEARTBEAT target_type=call_site elapsed_min=83.2 files_done=20 resolved=435 errors=6742 current=src/attributes/support.js
[2026-04-24T13:33:21Z] [iter=1] HEARTBEAT target_type=call_site elapsed_min=84.0 files_done=22 resolved=439 errors=6803 current=test/unit/callbacks.js
[2026-04-24T13:34:42Z] [iter=1] HEARTBEAT target_type=call_site elapsed_min=85.3 files_done=23 resolved=440 errors=6913 current=test/unit/dimensions.js
[2026-04-24T13:38:13Z] [iter=1] HEARTBEAT target_type=call_site elapsed_min=88.8 files_done=24 resolved=441 errors=7201 current=src/data/accepts.js
[2026-04-24T13:39:35Z] [iter=1] HEARTBEAT target_type=call_site elapsed_min=90.2 files_done=26 resolved=448 errors=7313 current=src/manipulation.js
[2026-04-24T13:40:55Z] [iter=1] HEARTBEAT target_type=call_site elapsed_min=91.6 files_done=27 resolved=449 errors=7422 current=src/attributes/val.js
[2026-04-24T13:41:45Z] [iter=1] HEARTBEAT target_type=call_site elapsed_min=92.4 files_done=30 resolved=451 errors=7490 current=test/integration/data/gh-1764-fullscreen.js
[2026-04-24T13:42:25Z] [iter=1] HEARTBEAT target_type=call_site elapsed_min=93.0 files_done=34 resolved=475 errors=7544 current=src/deferred.js
[2026-04-24T13:43:20Z] [iter=1] HEARTBEAT target_type=call_site elapsed_min=94.0 files_done=35 resolved=476 errors=7619 current=src/ajax.js
[2026-04-24T13:44:26Z] [iter=1] HEARTBEAT target_type=call_site elapsed_min=95.1 files_done=36 resolved=480 errors=7709 current=src/css/curCSS.js
[2026-04-24T13:46:17Z] [iter=1] HEARTBEAT target_type=call_site elapsed_min=96.9 files_done=38 resolved=480 errors=7860 current=src/offset.js
[2026-04-24T13:46:50Z] [iter=1] HEARTBEAT target_type=call_site elapsed_min=97.5 files_done=39 resolved=482 errors=7904 current=src/callbacks.js
[2026-04-24T13:47:35Z] [iter=1] HEARTBEAT target_type=call_site elapsed_min=98.2 files_done=42 resolved=482 errors=7965 current=src/manipulation/buildFragment.js
[2026-04-24T13:48:18Z] [iter=1] HEARTBEAT target_type=call_site elapsed_min=98.9 files_done=44 resolved=486 errors=8024 current=src/core.js
[2026-04-24T13:48:59Z] [iter=1] HEARTBEAT target_type=call_site elapsed_min=99.6 files_done=45 resolved=491 errors=8080 current=src/dimensions.js
[2026-04-24T13:49:37Z] [iter=1] HEARTBEAT target_type=call_site elapsed_min=100.3 files_done=50 resolved=498 errors=8131 current=src/manipulation/var/rcheckableType.js
[2026-04-24T13:50:26Z] [iter=1] HEARTBEAT target_type=call_site elapsed_min=101.1 files_done=55 resolved=499 errors=8197 current=src/data.js
[2026-04-24T13:51:07Z] [iter=1] HEARTBEAT target_type=call_site elapsed_min=101.7 files_done=57 resolved=505 errors=8253 current=src/exports/amd.js
[2026-04-24T13:51:44Z] [iter=1] HEARTBEAT target_type=call_site elapsed_min=102.4 files_done=62 resolved=516 errors=8304 current=src/ajax/xhr.js
[2026-04-24T13:52:33Z] [iter=1] HEARTBEAT target_type=call_site elapsed_min=103.2 files_done=70 resolved=530 errors=8370 current=test/jquery.js
[2026-04-24T13:53:07Z] [iter=1] HEARTBEAT target_type=call_site elapsed_min=103.8 files_done=75 resolved=539 errors=8417 current=src/ajax/load.js
[2026-04-24T13:53:52Z] [iter=1] HEARTBEAT target_type=call_site elapsed_min=104.5 files_done=83 resolved=540 errors=8478 current=src/core/parseHTML.js
[2026-04-24T13:54:23Z] [iter=1] HEARTBEAT target_type=call_site elapsed_min=105.0 files_done=90 resolved=546 errors=8520 current=test/promises-aplus-adapter.js
[2026-04-24T13:54:51Z] [iter=1] Target type resolved target_type=call_site resolved=553 errors=8557 secs=6289 mem_mb=866 MB
[2026-04-24T13:54:57Z] [iter=1] Step 5: Writing final enrichment file triples=102267
[2026-04-24T13:54:59Z] [iter=1] Enrichment file written path=/home/runner/work/forx/forx/storage/aggregate/lsp/ef64d82ec3d1717478979cba986d896aa0dda617.nq.gz size_kb=1846
[2026-04-24T13:54:59Z] [iter=1] PHASE END: enrich elapsed_s=6337 elapsed_min=105.6 total_triples=102267
